{"time":"2024-01-30T15:06","doName":"AttachmentType","dotype":"Attachments Display","logtype":"main","content":"open the DO edit modal","entity":"Cap entity","visibleColumns":[],"tableName":"Cap"}
{"time":"2024-01-30T15:06","doName":"AttachmentType","dotype":"Attachments Display","logtype":"drag and drop","content":"drop a ef on a mainDO","entity":"Cap entity","ef":"CapDiameter"}
{"time":"2024-01-30T15:06","doName":"AttachmentType","dotype":"Attachments Display","logtype":"drag and drop","content":"drop a ef on a mainDO","entity":"Cap entity","ef":"CapName"}
{"time":"2024-01-30T15:06","doName":"AttachmentType","dotype":"Attachments Display","logtype":"drag and drop","content":"drop a ef on a mainDO","entity":"Cap entity","ef":"CapTypeId"}
{"time":"2024-01-30T15:06","doName":"AttachmentType","dotype":"Attachments Display","logtype":"drag and drop","content":"drop a ef on a mainDO","entity":"Cap entity","ef":"CapTypeId"}
{"time":"2024-01-30T15:06","doName":"AttachmentType","dotype":"Attachments Display","logtype":"drag and drop","content":"drop a ef on a mainDO","entity":"Cap entity","ef":"CapName"}
{"time":"2024-01-30T15:07","doName":"AttachmentType","dotype":"Attachments Display","logtype":"drag and drop","content":"drop a ef on a mainDO","entity":"Cap entity","ef":"CapDiameter"}
{"time":"2024-01-30T15:07","doName":"AttachmentType","dotype":"Attachments Display","logtype":"drag and drop","content":"drop a ef on a mainDO","entity":"Cap entity","ef":"CapDiameter"}
{"time":"2024-01-30T15:20","doName":"AttachmentType","dotype":"Attachments Display","logtype":"main","content":"open the DO edit modal","entity":"Cap entity","visibleColumns":[],"tableName":"Cap"}
{"time":"2024-01-30T15:20","doName":"AttachmentType","dotype":"Attachments Display","logtype":"drag and drop","content":"drop a ef on a mainDO","entity":"Cap entity","ef":"CapDiameter"}
{"time":"2024-01-30T15:21","doName":"AttachmentType","dotype":"Attachments Display","logtype":"main","content":"open the DO edit modal","entity":"Cap entity","visibleColumns":[],"tableName":"Cap"}
{"time":"2024-01-30T15:21","doName":"AttachmentType","dotype":"Attachments Display","logtype":"main","content":"open the DO edit modal","entity":"Cap entity","visibleColumns":[],"tableName":"Cap"}
{"time":"2024-01-30T15:21","doName":"AttachmentType","dotype":"Attachments Display","logtype":"drag and drop","content":"drop a ef on a mainDO","entity":"Cap entity","ef":"CapDiameter"}
{"time":"2024-01-30T15:24","doName":"AttachmentType","dotype":"Attachments Display","logtype":"main","content":"open the DO edit modal","entity":"Cap entity","visibleColumns":[],"tableName":"Cap"}
{"time":"2024-01-30T15:27","doName":"AttachmentType","dotype":"Attachments Display","logtype":"main","content":"open the DO edit modal","entity":"Cap entity","visibleColumns":[],"tableName":"Cap"}
{"time":"2024-01-30T15:27","doName":"AttachmentType","dotype":"Attachments Display","logtype":"drag and drop","content":"drop a ef on a mainDO","entity":"Cap entity","ef":"CapName"}
{"time":"2024-01-30T15:28","doName":"AttachmentType","dotype":"Attachments Display","logtype":"drag and drop","content":"drop a ef on a mainDO","entity":"Cap entity","ef":"CapTypeId"}
{"time":"2024-01-30T15:28","doName":"AttachmentType","dotype":"Attachments Display","logtype":"drag and drop","content":"drop a ef on a mainDO","entity":"Cap entity","ef":"CapTypeId"}
{"time":"2024-01-30T15:28","doName":"AttachmentType","dotype":"Attachments Display","logtype":"drag and drop","content":"drop a ef on a mainDO","entity":"Cap entity","ef":"CapDiameter"}
{"time":"2024-01-30T15:28","doName":"AttachmentType","dotype":"Attachments Display","logtype":"drag and drop","content":"drop a ef on a mainDO","entity":"Cap entity","ef":"CapName"}
{"time":"2024-01-30T15:34","doName":"AttachmentType","dotype":"Attachments Display","logtype":"main","content":"open the DO edit modal","entity":"Cap entity","visibleColumns":[],"tableName":"Cap"}
{"time":"2024-01-30T15:34","doName":"AttachmentType","dotype":"Attachments Display","logtype":"drag and drop","content":"drop a ef on a mainDO","entity":"Cap entity","ef":"CapDiameter"}
{"time":"2024-01-30T15:40","doName":"AttachmentType","dotype":"Attachments Display","logtype":"main","content":"open the DO edit modal","entity":"Cap entity","visibleColumns":[],"tableName":"Cap"}
{"time":"2024-01-30T15:40","doName":"AttachmentType","dotype":"Attachments Display","logtype":"drag and drop","content":"drop a ef on a mainDO","entity":"Cap entity","ef":"CapDiameter"}
{"time":"2024-01-30T15:41","doName":"AttachmentType","dotype":"Attachments Display","logtype":"main","content":"open the DO edit modal","entity":"Cap entity","visibleColumns":[],"tableName":"Cap"}
{"time":"2024-01-30T15:41","doName":"AttachmentType","dotype":"Attachments Display","logtype":"drag and drop","content":"drop a ef on a mainDO","entity":"Cap entity","ef":"CapDiameter"}
{"time":"2024-01-30T15:45","doName":"AttachmentType","dotype":"Attachments Display","logtype":"main","content":"open the DO edit modal","entity":"Cap entity","visibleColumns":[],"tableName":"Cap"}
{"time":"2024-01-30T15:45","doName":"AttachmentType","dotype":"Attachments Display","logtype":"drag and drop","content":"drop a ef on a mainDO","entity":"Cap entity","ef":"CapDiameter"}
{"time":"2024-01-30T15:45","doName":"AttachmentType","dotype":"Attachments Display","logtype":"drag and drop","content":"drop a ef on a mainDO","entity":"Cap entity","ef":"CapDiameter"}
{"time":"2024-01-30T15:47","doName":"Attachment DO","dotype":"Attachments Display","logtype":"main","content":"open the DO edit modal","entity":"PLC-labelling machine","visibleColumns":[],"tableName":""}
{"time":"2024-01-30T15:47","doName":"Attachment DO","dotype":"Attachments Display","logtype":"drag and drop","content":"drop a ef on a mainDO","entity":"PLC-labelling machine","ef":"Actual Bottle Diameter-DLMk"}
{"time":"2024-01-30T15:47","doName":"Attachment DO","dotype":"Attachments Display","logtype":"drag and drop","content":"drop a ef on a mainDO","entity":"PLC-labelling machine","ef":"Actual gap length-DLM"}
{"time":"2024-01-30T15:47","doName":"Attachment DO","dotype":"Attachments Display","logtype":"drag and drop","content":"drop a ef on a mainDO","entity":"PLC-labelling machine","ef":"Actual Gap-DLM"}
{"time":"2024-01-30T15:47","doName":"Attachment DO","dotype":"Attachments Display","logtype":"drag and drop","content":"drop a ef on a mainDO","entity":"PLC-labelling machine","ef":"Actual label Length-DLM"}
{"time":"2024-01-30T15:47","doName":"Attachment DO","dotype":"Attachments Display","logtype":"drag and drop","content":"drop a ef on a mainDO","entity":"PLC-labelling machine","ef":"A-Scale Reco7rd8dsf"}
{"time":"2024-01-30T15:47","doName":"Attachment DO","dotype":"Attachments Display","logtype":"drag and drop","content":"drop a ef on a mainDO","entity":"PLC-labelling machine","ef":"A-Scale Reco7rd8dsf"}
{"time":"2024-01-30T15:47","doName":"Attachment DO","dotype":"Attachments Display","logtype":"drag and drop","content":"drop a ef on a mainDO","entity":"PLC-labelling machine","ef":"Backlog Sensor Install Option"}
{"time":"2024-01-30T15:47","doName":"Attachment DO","dotype":"Attachments Display","logtype":"drag and drop","content":"drop a ef on a mainDO","entity":"PLC-labelling machine","ef":"Backlog Time Alarm - Stop Mode"}
{"time":"2024-01-30T15:47","doName":"Attachment DO","dotype":"Attachments Display","logtype":"drag and drop","content":"drop a ef on a mainDO","entity":"PLC-labelling machine","ef":"Backlog Time Alarm-DLM"}
{"time":"2024-01-30T15:47","doName":"Attachment DO","dotype":"Attachments Display","logtype":"drag and drop","content":"drop a ef on a mainDO","entity":"PLC-labelling machine","ef":"Backlog Time-DLM"}
{"time":"2024-01-30T15:47","doName":"Attachment DO","dotype":"Attachments Display","logtype":"drag and drop","content":"drop a ef on a mainDO","entity":"PLC-labelling machine","ef":"Bottle Big Alarm-DLM"}
{"time":"2024-01-30T15:47","doName":"Attachment DO","dotype":"Attachments Display","logtype":"drag and drop","content":"drop a ef on a mainDO","entity":"PLC-labelling machine","ef":"Bottle Sensor Failed - Alarm - Stop Mode"}
{"time":"2024-01-30T15:47","doName":"Attachment DO","dotype":"Attachments Display","logtype":"drag and drop","content":"drop a ef on a mainDO","entity":"PLC-labelling machine","ef":"Bottle Small Alarm - Stop Mode"}
{"time":"2024-01-30T15:47","doName":"Attachment DO","dotype":"Attachments Display","logtype":"drag and drop","content":"drop a ef on a mainDO","entity":"PLC-labelling machine","ef":"Camera 1 Not Ready Alarm - Stop Mode"}
{"time":"2024-01-30T16:50","doName":"Attachment DO","dotype":"Attachments Display","logtype":"main","content":"open the DO edit modal","entity":"PLC-labelling machine","visibleColumns":[],"tableName":""}
{"time":"2024-01-30T16:50","doName":"Attachment DO","dotype":"Attachments Display","logtype":"drag and drop","content":"drop a ef on a mainDO","entity":"PLC-labelling machine","ef":"aa44"}
{"time":"2024-01-30T16:51","doName":"Attachment DO","dotype":"Attachments Display","logtype":"drag and drop","content":"drop a ef on a mainDO","entity":"PLC-labelling machine","ef":"Actual gap length-DLM"}
{"time":"2024-01-30T16:56","doName":"Attachment DO","dotype":"Attachments Display","logtype":"main","content":"open the DO edit modal","entity":"PLC-labelling machine","visibleColumns":[],"tableName":""}
{"time":"2024-01-30T16:59","doName":"Attachment DO","dotype":"Attachments Display","logtype":"main","content":"open the DO edit modal","entity":"PLC-labelling machine","visibleColumns":[],"tableName":""}
{"time":"2024-01-30T17:00","doName":"Attachment DO","dotype":"Attachments Display","logtype":"main","content":"open the DO edit modal","entity":"PLC-labelling machine","visibleColumns":[],"tableName":""}
{"time":"2024-01-30T17:13","doName":"Attachment DO","dotype":"Attachments Display","logtype":"main","content":"open the DO edit modal","entity":"PLC-labelling machine","visibleColumns":[],"tableName":""}
{"time":"2024-01-30T17:14","doName":"Attachment DO","dotype":"Attachments Display","logtype":"drag and drop","content":"drop a ef on a mainDO","entity":"PLC-labelling machine","ef":"Actual Bottle Diameter-DLMk"}
{"time":"2024-01-30T17:14","doName":"Attachment DO","dotype":"Attachments Display","logtype":"main","content":"open the DO edit modal","entity":"PLC-labelling machine","visibleColumns":[],"tableName":""}
{"time":"2024-01-30T17:14","doName":"Attachment DO","dotype":"Attachments Display","logtype":"drag and drop","content":"drop a ef on a mainDO","entity":"PLC-labelling machine","ef":"aa44"}
{"time":"2024-01-30T17:14","doName":"Attachment DO","dotype":"Attachments Display","logtype":"main","content":"open the DO edit modal","entity":"PLC-labelling machine","visibleColumns":[],"tableName":""}
{"time":"2024-01-30T17:15","doName":"Attachment DO","dotype":"Attachments Display","logtype":"drag and drop","content":"drop a ef on a mainDO","entity":"PLC-labelling machine","ef":"Actual Bottle Diameter-DLMk"}
{"time":"2024-01-30T17:16","doName":"Attachment DO","dotype":"Attachments Display","logtype":"drag and drop","content":"drop a ef on a mainDO","entity":"PLC-labelling machine","ef":"aa44"}
{"time":"2024-01-30T17:17","doName":"Attachment DO","dotype":"Attachments Display","logtype":"main","content":"open the DO edit modal","entity":"PLC-labelling machine","visibleColumns":[],"tableName":""}
{"time":"2024-01-30T17:17","doName":"Attachment DO","dotype":"Attachments Display","logtype":"drag and drop","content":"drop a ef on a mainDO","entity":"PLC-labelling machine","ef":"Actual Bottle Diameter-DLMk"}
{"time":"2024-01-30T17:17","doName":"Attachment DO","dotype":"Attachments Display","logtype":"drag and drop","content":"drop a ef on a mainDO","entity":"PLC-labelling machine","ef":"Actual gap length-DLM"}
{"time":"2024-01-30T17:28","doName":"Attachment DO","dotype":"Attachments Display","logtype":"drag and drop","content":"drag and drop a component","entity":"PLC-labelling machine","html":"\u003ctextarea style=\"color: black; position: absolute; left: 129.68px; top: 101.859px;\" id=\"componentId1_4122\" class=\"clones component my-dragging-class\"\u003eSample textbox\u003c/textarea\u003e"}
{"time":"2024-01-30T17:28","doName":"Attachment DO","dotype":"Attachments Display","logtype":"drag and drop","content":"drag and drop a component","entity":"PLC-labelling machine","html":"\u003cquillbot-extension-highlights data-element-id=\"xOQwB_KB-FLU0UsYok2Yo\" data-element-type=\"text\" style=\"position: relative; top: 0px; left: 0px; z-index: 1 !important; pointer-events: none;\"\u003e\u003c/quillbot-extension-highlights\u003e\u003ctextarea style=\"color: black; position: absolute; left: 129.68px; top: 101.859px;\" id=\"componentId1_4122\" class=\"clones component my-dragging-class\" data-gramm=\"false\" wt-ignore-input=\"true\" data-quillbot-element=\"xOQwB_KB-FLU0UsYok2Yo\"\u003eSample textbox\u003c/textarea\u003e\u003cinput type=\"button\" value=\"Sample button\" style=\"color: black; position: absolute; left: 141.68px; top: 201.859px;\" id=\"componentId2_4122\" class=\"clones component my-dragging-class\"\u003e"}
{"time":"2024-01-30T17:38","doName":"Attachment DO","dotype":"Attachments Display","logtype":"main","content":"open the DO edit modal","entity":"PLC-labelling machine","visibleColumns":[],"tableName":""}
{"time":"2024-01-30T17:38","doName":"Attachment DO","dotype":"Attachments Display","logtype":"drag and drop","content":"drop a ef on a mainDO","entity":"PLC-labelling machine","ef":"Actual Bottle Diameter-DLMk"}
{"time":"2024-01-30T17:39","doName":"Attachment DO","dotype":"Attachments Display","logtype":"main","content":"open the DO edit modal","entity":"PLC-labelling machine","visibleColumns":[],"tableName":""}
{"time":"2024-01-30T17:39","doName":"Attachment DO","dotype":"Attachments Display","logtype":"drag and drop","content":"drop a ef on a mainDO","entity":"PLC-labelling machine","ef":"Actual Bottle Diameter-DLMk"}
{"time":"2024-01-30T17:39","doName":"Attachment DO","dotype":"Attachments Display","logtype":"main","content":"open the DO edit modal","entity":"PLC-labelling machine","visibleColumns":[],"tableName":""}
{"time":"2024-01-30T17:39","doName":"Attachment DO","dotype":"Attachments Display","logtype":"drag and drop","content":"drop a ef on a mainDO","entity":"PLC-labelling machine","ef":"aa44"}
{"time":"2024-01-30T17:40","doName":"Attachment DO","dotype":"Attachments Display","logtype":"drag and drop","content":"drop a ef on a mainDO","entity":"PLC-labelling machine","ef":"Actual gap length-DLM"}
{"time":"2024-01-30T17:40","doName":"Attachment DO","dotype":"Attachments Display","logtype":"main","content":"open the DO edit modal","entity":"PLC-labelling machine","visibleColumns":[],"tableName":""}
{"time":"2024-01-30T17:40","doName":"Attachment DO","dotype":"Attachments Display","logtype":"drag and drop","content":"drop a ef on a mainDO","entity":"PLC-labelling machine","ef":"Actual Bottle Diameter-DLMk"}
{"time":"2024-01-30T17:43","doName":"Attachment DO","dotype":"Attachments Display","logtype":"main","content":"open the DO edit modal","entity":"PLC-labelling machine","visibleColumns":[],"tableName":""}
{"time":"2024-01-30T17:43","doName":"Attachment DO","dotype":"Attachments Display","logtype":"drag and drop","content":"drop a ef on a mainDO","entity":"PLC-labelling machine","ef":"Actual Bottle Diameter-DLMk"}
{"time":"2024-01-30T17:45","doName":"Attachment DO","dotype":"Attachments Display","logtype":"main","content":"open the DO edit modal","entity":"PLC-labelling machine","visibleColumns":[],"tableName":""}
{"time":"2024-01-30T17:45","doName":"Attachment DO","dotype":"Attachments Display","logtype":"drag and drop","content":"drop a ef on a mainDO","entity":"PLC-labelling machine","ef":"Actual Bottle Diameter-DLMk"}
{"time":"2024-01-30T17:45","doName":"Attachment DO","dotype":"Attachments Display","logtype":"drag and drop","content":"drop a ef on a mainDO","entity":"PLC-labelling machine","ef":"Actual gap length-DLM"}
{"time":"2024-01-30T17:53","doName":"Attachment DO","dotype":"Attachments Display","logtype":"main","content":"open the DO edit modal","entity":"PLC-labelling machine","visibleColumns":[],"tableName":""}
{"time":"2024-01-30T17:53","doName":"Attachment DO","dotype":"Attachments Display","logtype":"drag and drop","content":"drop a ef on a mainDO","entity":"PLC-labelling machine","ef":"Actual Bottle Diameter-DLMk"}
{"time":"2024-01-30T17:55","doName":"Attachment DO","dotype":"Attachments Display","logtype":"main","content":"open the DO edit modal","entity":"PLC-labelling machine","visibleColumns":[],"tableName":""}
{"time":"2024-01-30T17:55","doName":"Attachment DO","dotype":"Attachments Display","logtype":"drag and drop","content":"drop a ef on a mainDO","entity":"PLC-labelling machine","ef":"Actual Bottle Diameter-DLMk"}
{"time":"2024-01-30T17:56","doName":"Attachment DO","dotype":"Attachments Display","logtype":"drag and drop","content":"drop a ef on a mainDO","entity":"PLC-labelling machine","ef":"Actual gap length-DLM"}
{"time":"2024-01-30T18:23","doName":"Attachment DO","dotype":"Attachments Display","logtype":"main","content":"open the DO edit modal","entity":"PLC-labelling machine","visibleColumns":[],"tableName":""}
{"time":"2024-01-30T18:23","doName":"Attachment DO","dotype":"Attachments Display","logtype":"drag and drop","content":"drop a ef on a mainDO","entity":"PLC-labelling machine","ef":"Actual Bottle Diameter-DLMk"}
{"time":"2024-01-30T18:26","doName":"Attachment DO","dotype":"Attachments Display","logtype":"main","content":"open the DO edit modal","entity":"PLC-labelling machine","visibleColumns":[],"tableName":""}
{"time":"2024-01-30T18:26","doName":"Attachment DO","dotype":"Attachments Display","logtype":"drag and drop","content":"drop a ef on a mainDO","entity":"PLC-labelling machine","ef":"Actual Bottle Diameter-DLMk"}
{"time":"2024-01-30T18:26","doName":"Attachment DO","dotype":"Attachments Display","logtype":"main","content":"open the DO edit modal","entity":"PLC-labelling machine","visibleColumns":[],"tableName":""}
{"time":"2024-01-30T18:26","doName":"Attachment DO","dotype":"Attachments Display","logtype":"drag and drop","content":"drop a ef on a mainDO","entity":"PLC-labelling machine","ef":"Actual Bottle Diameter-DLMk"}
{"time":"2024-01-31T09:36","doName":"Attachment DO","dotype":"Attachments Display","logtype":"main","content":"open the DO edit modal","entity":"PLC-labelling machine","visibleColumns":[],"tableName":""}
{"time":"2024-01-31T09:36","doName":"Attachment DO","dotype":"Attachments Display","logtype":"drag and drop","content":"drop a ef on a mainDO","entity":"PLC-labelling machine","ef":"Actual Bottle Diameter-DLMk"}
{"time":"2024-01-31T09:46","doName":"Attachment DO","dotype":"Attachments Display","logtype":"main","content":"open the DO edit modal","entity":"PLC-labelling machine","visibleColumns":[],"tableName":""}
{"time":"2024-01-31T09:46","doName":"Attachment DO","dotype":"Attachments Display","logtype":"drag and drop","content":"drop a ef on a mainDO","entity":"PLC-labelling machine","ef":"Actual Bottle Diameter-DLMk"}
{"time":"2024-01-31T09:55","doName":"AttachmentType","dotype":"Attachments Display","logtype":"main","content":"open the DO edit modal","entity":"Cap entity","visibleColumns":[],"tableName":"Cap"}
{"time":"2024-01-31T09:55","doName":"AttachmentType","dotype":"Attachments Display","logtype":"main","content":"open the DO edit modal","entity":"Cap entity","visibleColumns":[],"tableName":"Cap"}
{"time":"2024-01-31T09:55","doName":"AttachmentType","dotype":"Attachments Display","logtype":"drag and drop","content":"drop a ef on a mainDO","entity":"Cap entity","ef":"CapDiameter"}
{"time":"2024-01-31T09:55","doName":"Dessicant form","dotype":"Form Display","logtype":"main","content":"open the DO edit modal","entity":"DEssicantentity","visibleColumns":[],"tableName":"Desiccant"}
{"time":"2024-01-31T09:55","doName":"Dessicant form","dotype":"Form Display","logtype":"drag and drop","content":"drop a ef on a mainDO","entity":"DEssicantentity","ef":"DesiccantTypeId"}
{"time":"2024-01-31T09:57","doName":"Dessicant form","dotype":"Form Display","logtype":"main","content":"open the DO edit modal","entity":"DEssicantentity","visibleColumns":[],"tableName":"Desiccant"}
