{"time":"2024-02-22T09:22","doName":"Attachment DO","dotype":"Attachments Display","logtype":"main","content":"open the DO edit modal","entity":"PLC-labelling machine","visibleColumns":[],"tableName":""}
{"time":"2024-02-22T09:23","doName":"Attachment DO","dotype":"Attachments Display","logtype":"drag and drop","content":"drop a ef on a mainDO","entity":"PLC-labelling machine","ef":"Actual Bottle Diameter-DLMk"}
{"time":"2024-02-22T09:27","doName":"Attachment DO","dotype":"Attachments Display","logtype":"main","content":"open the DO edit modal","entity":"PLC-labelling machine","visibleColumns":[],"tableName":""}
{"time":"2024-02-22T09:30","doName":"Attachment DO","dotype":"Attachments Display","logtype":"drag and drop","content":"drop a ef on a mainDO","entity":"PLC-labelling machine","ef":"Actual gap length-DLM"}
{"time":"2024-02-22T09:47","doName":"Attachment DO","dotype":"Attachments Display","logtype":"drag and drop","content":"drop a ef on a mainDO","entity":"PLC-labelling machine","ef":"Actual gap length-DLM"}
{"time":"2024-02-22T09:47","doName":"Attachment DO","dotype":"Attachments Display","logtype":"drag and drop","content":"drop a ef on a mainDO","entity":"PLC-labelling machine","ef":"Actual label Length-DLM"}
{"time":"2024-02-22T10:04","doName":"Bottle Container","dotype":"Container for third party (exe or webpage)","logtype":"main","content":"open the DO edit modal","entity":"Bottle Entity","visibleColumns":[],"tableName":"Bottle"}
{"time":"2024-02-22T10:04","doName":"Bottle Container","dotype":"Container for third party (exe or webpage)","logtype":"drag and drop","content":"drop a ef on a mainDO","entity":"Bottle Entity","ef":"BottleCC"}
{"time":"2024-02-22T10:05","doName":"Bottle Container","dotype":"Container for third party (exe or webpage)","logtype":"main","content":"open the DO edit modal","entity":"Bottle Entity","visibleColumns":[],"tableName":"Bottle"}
{"time":"2024-02-22T10:05","doName":"Bottle Container","dotype":"Container for third party (exe or webpage)","logtype":"drag and drop","content":"drop a ef on a mainDO","entity":"Bottle Entity","ef":"BottleCC"}
{"time":"2024-02-22T10:16","doName":"Bottle Container","dotype":"Container for third party (exe or webpage)","logtype":"drag and drop","content":"drop a ef on a mainDO","entity":"Bottle Entity","ef":"BottleName"}
{"time":"2024-02-22T10:19","doName":"Bottle Container","dotype":"Container for third party (exe or webpage)","logtype":"main","content":"open the DO edit modal","entity":"Bottle Entity","visibleColumns":[],"tableName":"Bottle"}
{"time":"2024-02-22T10:20","doName":"Bottle Container","dotype":"Container for third party (exe or webpage)","logtype":"drag and drop","content":"drag and drop a component","entity":"Bottle Entity","html":"\u003cselect style=\"color: black; position: absolute; left: 261.68px; top: 92.8594px;\" id=\"componentId1_4123\" class=\"clones component my-dragging-class\"\u003e\u003c/select\u003e"}
{"time":"2024-02-22T10:59","doName":"Attachment DO","dotype":"Attachments Display","logtype":"main","content":"open the DO edit modal","entity":"PLC-labelling machine","visibleColumns":[],"tableName":""}
{"time":"2024-02-22T10:59","doName":"AttachmentType","dotype":"Attachments Display","logtype":"main","content":"open the DO edit modal","entity":"Cap entity","visibleColumns":[],"tableName":"Cap"}
{"time":"2024-02-22T11:00","doName":"AttachmentType","dotype":"Attachments Display","logtype":"drag and drop","content":"drop a ef on a mainDO","entity":"Cap entity","ef":"CapTypeId"}
{"time":"2024-02-22T11:00","doName":"AttachmentType","dotype":"Attachments Display","logtype":"drag and drop","content":"drop a ef on a mainDO","entity":"Cap entity","ef":"CapName"}
{"time":"2024-02-22T11:00","doName":"AttachmentType","dotype":"Attachments Display","logtype":"drag and drop","content":"drop a ef on a mainDO","entity":"Cap entity","ef":"CapDiameter"}
{"time":"2024-02-22T13:09","doName":"Bottle Container","dotype":"Container for third party (exe or webpage)","logtype":"main","content":"open the DO edit modal","entity":"Bottle Entity","visibleColumns":[],"tableName":"Bottle"}
{"time":"2024-02-22T13:13","doName":"AttachmentType","dotype":"Attachments Display","logtype":"main","content":"open the DO edit modal","entity":"Cap entity","visibleColumns":[],"tableName":"Cap"}
{"time":"2024-02-22T13:19","doName":"AttachmentType","dotype":"Attachments Display","logtype":"main","content":"open the DO edit modal","entity":"Cap entity","visibleColumns":[],"tableName":"Cap"}
{"time":"2024-02-22T13:22","doName":"AttachmentType","dotype":"Attachments Display","logtype":"drag and drop","content":"drop a ef on a mainDO","entity":"Cap entity","ef":"CapDiameter"}
{"time":"2024-02-22T13:22","doName":"AttachmentType","dotype":"Attachments Display","logtype":"drag and drop","content":"drop a ef on a mainDO","entity":"Cap entity","ef":"CapTypeId"}
{"time":"2024-02-22T13:22","doName":"Attachment DO","dotype":"Attachments Display","logtype":"main","content":"open the DO edit modal","entity":"PLC-labelling machine","visibleColumns":[],"tableName":""}
{"time":"2024-02-22T13:22","doName":"AttachmentType","dotype":"Attachments Display","logtype":"main","content":"open the DO edit modal","entity":"Cap entity","visibleColumns":[],"tableName":"Cap"}
{"time":"2024-02-22T13:22","doName":"Bottle Container","dotype":"Container for third party (exe or webpage)","logtype":"main","content":"open the DO edit modal","entity":"Bottle Entity","visibleColumns":[],"tableName":"Bottle"}
{"time":"2024-02-22T13:22","doName":"Attachment DO","dotype":"Attachments Display","logtype":"main","content":"open the DO edit modal","entity":"PLC-labelling machine","visibleColumns":[],"tableName":""}
{"time":"2024-02-22T13:23","doName":"cap display object","dotype":"List Display","logtype":"main","content":"open the DO edit modal","entity":"Cap entity","visibleColumns":[],"tableName":"Cap"}
{"time":"2024-02-22T13:24","doName":"AttachmentType","dotype":"Attachments Display","logtype":"main","content":"open the DO edit modal","entity":"Cap entity","visibleColumns":[],"tableName":"Cap"}
{"time":"2024-02-22T13:25","doName":"AttachmentType","dotype":"Attachments Display","logtype":"drag and drop","content":"drop a ef on a mainDO","entity":"Cap entity","ef":"CapDiameter"}
{"time":"2024-02-22T13:26","doName":"AttachmentType","dotype":"Attachments Display","logtype":"main","content":"open the DO edit modal","entity":"Cap entity","visibleColumns":[],"tableName":"Cap"}
{"time":"2024-02-22T13:28","doName":"AttachmentType","dotype":"Attachments Display","logtype":"main","content":"open the DO edit modal","entity":"Cap entity","visibleColumns":[],"tableName":"Cap"}
{"time":"2024-02-22T13:32","doName":"AttachmentType","dotype":"Attachments Display","logtype":"main","content":"open the DO edit modal","entity":"Cap entity","visibleColumns":[],"tableName":"Cap"}
{"time":"2024-02-22T13:32","doName":"AttachmentType","dotype":"Attachments Display","logtype":"main","content":"open the DO edit modal","entity":"Cap entity","visibleColumns":[],"tableName":"Cap"}
{"time":"2024-02-22T13:33","doName":"AttachmentType","dotype":"Attachments Display","logtype":"main","content":"open the DO edit modal","entity":"Cap entity","visibleColumns":[],"tableName":"Cap"}
{"time":"2024-02-22T13:33","doName":"Attachment DO","dotype":"Attachments Display","logtype":"main","content":"open the DO edit modal","entity":"PLC-labelling machine","visibleColumns":[],"tableName":""}
{"time":"2024-02-22T13:34","doName":"Attachment DO","dotype":"Attachments Display","logtype":"drag and drop","content":"drop a ef on a mainDO","entity":"PLC-labelling machine","ef":"Actual Bottle Diameter-DLMk"}
{"time":"2024-02-22T13:34","doName":"Attachment DO","dotype":"Attachments Display","logtype":"drag and drop","content":"drop a ef on a mainDO","entity":"PLC-labelling machine","ef":"Actual Gap-DLM"}
{"time":"2024-02-22T13:34","doName":"Attachment DO","dotype":"Attachments Display","logtype":"drag and drop","content":"drop a ef on a mainDO","entity":"PLC-labelling machine","ef":"Actual label Length-DLM"}
{"time":"2024-02-22T13:35","doName":"AttachmentType","dotype":"Attachments Display","logtype":"main","content":"open the DO edit modal","entity":"Cap entity","visibleColumns":[],"tableName":"Cap"}
{"time":"2024-02-22T13:36","doName":"piegrpah123","dotype":"Pie Chart Display","logtype":"main","content":"open the DO edit modal","entity":"PLC-labelling machine","visibleColumns":[],"tableName":""}
{"time":"2024-02-22T13:36","doName":"piegrpah123","dotype":"Pie Chart Display","logtype":"drag and drop","content":"drop a ef on a mainDO","entity":"PLC-labelling machine","ef":"Actual Bottle Diameter-DLMk"}
{"time":"2024-02-22T13:36","doName":"Dessicant form","dotype":"Form Display","logtype":"main","content":"open the DO edit modal","entity":"DEssicantentity","visibleColumns":[],"tableName":"Desiccant"}
{"time":"2024-02-22T14:17","doName":"AttachmentType","dotype":"Attachments Display","logtype":"main","content":"open the DO edit modal","entity":"Cap entity","visibleColumns":[],"tableName":"Cap"}
{"time":"2024-02-22T14:18","doName":"AttachmentType","dotype":"Attachments Display","logtype":"main","content":"open the DO edit modal","entity":"Cap entity","visibleColumns":[],"tableName":"Cap"}
{"time":"2024-02-22T14:20","doName":"AttachmentType","dotype":"Attachments Display","logtype":"main","content":"open the DO edit modal","entity":"Cap entity","visibleColumns":[],"tableName":"Cap"}
{"time":"2024-02-22T14:20","doName":"AttachmentType","dotype":"Attachments Display","logtype":"drag and drop","content":"drop a ef on a mainDO","entity":"Cap entity","ef":"CapDiameter"}
{"time":"2024-02-22T14:20","doName":"AttachmentType","dotype":"Attachments Display","logtype":"drag and drop","content":"drop a ef on a mainDO","entity":"Cap entity","ef":"CapTypeId"}
{"time":"2024-02-22T14:20","doName":"AttachmentType","dotype":"Attachments Display","logtype":"drag and drop","content":"drop a ef on a mainDO","entity":"Cap entity","ef":"CapName"}
{"time":"2024-02-22T14:20","doName":"AttachmentType","dotype":"Attachments Display","logtype":"drag and drop","content":"drag and drop a component","entity":"Cap entity","html":"\u003cselect style=\"color: black; position: absolute; left: 754.68px; top: 206.859px;\" id=\"componentId1_4121\" class=\"clones component my-dragging-class\"\u003e\u003c/select\u003e"}
{"time":"2024-02-22T14:20","doName":"AttachmentType","dotype":"Attachments Display","logtype":"drag and drop","content":"drop a ef on a component","entity":"Cap entity","ef":"CapTypeId"}
{"time":"2024-02-22T14:21","doName":"AttachmentType","dotype":"Attachments Display","logtype":"drag and drop","content":"drop a ef on a component","entity":"Cap entity","ef":"CapDiameter"}
{"time":"2024-02-22T14:21","doName":"AttachmentType","dotype":"Attachments Display","logtype":"main","content":"open the DO edit modal","entity":"Cap entity","visibleColumns":[],"tableName":"Cap"}
{"time":"2024-02-22T14:21","doName":"AttachmentType","dotype":"Attachments Display","logtype":"drag and drop","content":"drop a ef on a mainDO","entity":"Cap entity","ef":"CapTypeId"}
{"time":"2024-02-22T14:21","doName":"AttachmentType","dotype":"Attachments Display","logtype":"drag and drop","content":"drop a ef on a mainDO","entity":"Cap entity","ef":"CapDiameter"}
{"time":"2024-02-22T14:21","doName":"AttachmentType","dotype":"Attachments Display","logtype":"drag and drop","content":"drag and drop a component","entity":"Cap entity","html":"\u003cselect style=\"color: black; position: absolute; left: 739.68px; top: 161.859px;\" id=\"componentId1_4121\" class=\"clones component my-dragging-class\"\u003e\u003c/select\u003e"}
{"time":"2024-02-22T14:21","doName":"AttachmentType","dotype":"Attachments Display","logtype":"drag and drop","content":"drop a ef on a component","entity":"Cap entity","ef":"CapTypeId"}
{"time":"2024-02-22T14:22","doName":"AttachmentType","dotype":"Attachments Display","logtype":"main","content":"open the DO edit modal","entity":"Cap entity","visibleColumns":[],"tableName":"Cap"}
