{"time":"2024-02-01T02:42","doName":"Attachment DO","dotype":"Attachments Display","logtype":"main","content":"open the DO edit modal","entity":"PLC-labelling machine","visibleColumns":[],"tableName":""}
{"time":"2024-02-01T02:42","doName":"Attachment DO","dotype":"Attachments Display","logtype":"drag and drop","content":"drop a ef on a mainDO","entity":"PLC-labelling machine","ef":"Actual Bottle Diameter-DLMk"}
{"time":"2024-02-01T02:45","doName":"Attachment DO","dotype":"Attachments Display","logtype":"main","content":"open the DO edit modal","entity":"PLC-labelling machine","visibleColumns":[],"tableName":""}
{"time":"2024-02-01T02:46","doName":"Attachment DO","dotype":"Attachments Display","logtype":"drag and drop","content":"drop a ef on a mainDO","entity":"PLC-labelling machine","ef":"Actual Bottle Diameter-DLMk"}
{"time":"2024-02-01T03:06","doName":"Attachment DO","dotype":"Attachments Display","logtype":"main","content":"open the DO edit modal","entity":"PLC-labelling machine","visibleColumns":[],"tableName":""}
{"time":"2024-02-01T03:06","doName":"Attachment DO","dotype":"Attachments Display","logtype":"drag and drop","content":"drop a ef on a mainDO","entity":"PLC-labelling machine","ef":"Actual Bottle Diameter-DLMk"}
{"time":"2024-02-01T03:08","doName":"Attachment DO","dotype":"Attachments Display","logtype":"main","content":"open the DO edit modal","entity":"PLC-labelling machine","visibleColumns":[],"tableName":""}
{"time":"2024-02-01T03:08","doName":"Attachment DO","dotype":"Attachments Display","logtype":"drag and drop","content":"drop a ef on a mainDO","entity":"PLC-labelling machine","ef":"Actual Bottle Diameter-DLMk"}
{"time":"2024-02-01T03:10","doName":"Attachment DO","dotype":"Attachments Display","logtype":"main","content":"open the DO edit modal","entity":"PLC-labelling machine","visibleColumns":[],"tableName":""}
{"time":"2024-02-01T03:10","doName":"Attachment DO","dotype":"Attachments Display","logtype":"drag and drop","content":"drop a ef on a mainDO","entity":"PLC-labelling machine","ef":"Actual Bottle Diameter-DLMk"}
{"time":"2024-02-01T03:11","doName":"Attachment DO","dotype":"Attachments Display","logtype":"main","content":"open the DO edit modal","entity":"PLC-labelling machine","visibleColumns":[],"tableName":""}
{"time":"2024-02-01T03:12","doName":"Attachment DO","dotype":"Attachments Display","logtype":"drag and drop","content":"drop a ef on a mainDO","entity":"PLC-labelling machine","ef":"Actual gap length-DLM"}
{"time":"2024-02-01T03:32","doName":"Attachment DO","dotype":"Attachments Display","logtype":"main","content":"open the DO edit modal","entity":"PLC-labelling machine","visibleColumns":[],"tableName":""}
{"time":"2024-02-01T03:32","doName":"Attachment DO","dotype":"Attachments Display","logtype":"drag and drop","content":"drop a ef on a mainDO","entity":"PLC-labelling machine","ef":"Actual Bottle Diameter-DLMk"}
{"time":"2024-02-01T03:37","doName":"Attachment DO","dotype":"Attachments Display","logtype":"main","content":"open the DO edit modal","entity":"PLC-labelling machine","visibleColumns":[],"tableName":""}
{"time":"2024-02-01T03:37","doName":"Attachment DO","dotype":"Attachments Display","logtype":"drag and drop","content":"drop a ef on a mainDO","entity":"PLC-labelling machine","ef":"Actual Bottle Diameter-DLMk"}
{"time":"2024-02-01T05:06","doName":"Attachment DO","dotype":"Attachments Display","logtype":"main","content":"open the DO edit modal","entity":"PLC-labelling machine","visibleColumns":[],"tableName":""}
{"time":"2024-02-01T05:06","doName":"Attachment DO","dotype":"Attachments Display","logtype":"drag and drop","content":"drop a ef on a mainDO","entity":"PLC-labelling machine","ef":"Actual gap length-DLM"}
{"time":"2024-02-01T06:00","doName":"Attachment DO","dotype":"Attachments Display","logtype":"main","content":"open the DO edit modal","entity":"PLC-labelling machine","visibleColumns":[],"tableName":""}
{"time":"2024-02-01T06:00","doName":"Attachment DO","dotype":"Attachments Display","logtype":"drag and drop","content":"drop a ef on a mainDO","entity":"PLC-labelling machine","ef":"Actual Bottle Diameter-DLMk"}
{"time":"2024-02-01T06:01","doName":"Attachment DO","dotype":"Attachments Display","logtype":"drag and drop","content":"drop a ef on a mainDO","entity":"PLC-labelling machine","ef":"Actual gap length-DLM"}
{"time":"2024-02-01T06:01","doName":"Attachment DO","dotype":"Attachments Display","logtype":"drag and drop","content":"drop a ef on a mainDO","entity":"PLC-labelling machine","ef":"A-Scale Reco7rd8dsf"}
{"time":"2024-02-01T06:01","doName":"Attachment DO","dotype":"Attachments Display","logtype":"main","content":"open the DO edit modal","entity":"PLC-labelling machine","visibleColumns":[],"tableName":""}
{"time":"2024-02-01T06:02","doName":"Attachment DO","dotype":"Attachments Display","logtype":"drag and drop","content":"drop a ef on a mainDO","entity":"PLC-labelling machine","ef":"Actual Bottle Diameter-DLMk"}
{"time":"2024-02-01T06:02","doName":"Attachment DO","dotype":"Attachments Display","logtype":"drag and drop","content":"drop a ef on a mainDO","entity":"PLC-labelling machine","ef":"Actual gap length-DLM"}
{"time":"2024-02-01T06:03","doName":"Attachment DO","dotype":"Attachments Display","logtype":"main","content":"open the DO edit modal","entity":"PLC-labelling machine","visibleColumns":[],"tableName":""}
{"time":"2024-02-01T06:03","doName":"Attachment DO","dotype":"Attachments Display","logtype":"drag and drop","content":"drop a ef on a mainDO","entity":"PLC-labelling machine","ef":"Actual Bottle Diameter-DLMk"}
{"time":"2024-02-01T06:03","doName":"Attachment DO","dotype":"Attachments Display","logtype":"drag and drop","content":"drop a ef on a mainDO","entity":"PLC-labelling machine","ef":"Actual gap length-DLM"}
{"time":"2024-02-01T06:03","doName":"Attachment DO","dotype":"Attachments Display","logtype":"drag and drop","content":"drop a ef on a mainDO","entity":"PLC-labelling machine","ef":"Actual label Length-DLM"}
{"time":"2024-02-01T06:04","doName":"Attachment DO","dotype":"Attachments Display","logtype":"main","content":"open the DO edit modal","entity":"PLC-labelling machine","visibleColumns":[],"tableName":""}
{"time":"2024-02-01T06:04","doName":"Attachment DO","dotype":"Attachments Display","logtype":"drag and drop","content":"drop a ef on a mainDO","entity":"PLC-labelling machine","ef":"Actual Bottle Diameter-DLMk"}
{"time":"2024-02-01T06:04","doName":"Attachment DO","dotype":"Attachments Display","logtype":"drag and drop","content":"drop a ef on a mainDO","entity":"PLC-labelling machine","ef":"Actual gap length-DLM"}
{"time":"2024-02-01T06:06","doName":"Attachment DO","dotype":"Attachments Display","logtype":"drag and drop","content":"drop a ef on a mainDO","entity":"PLC-labelling machine","ef":"Alarm -reset -DLM"}
{"time":"2024-02-01T06:06","doName":"Attachment DO","dotype":"Attachments Display","logtype":"drag and drop","content":"drop a ef on a mainDO","entity":"PLC-labelling machine","ef":"A-Scale Reco7rd8dsf"}
{"time":"2024-02-01T06:07","doName":"Attachment DO","dotype":"Attachments Display","logtype":"main","content":"open the DO edit modal","entity":"PLC-labelling machine","visibleColumns":[],"tableName":""}
{"time":"2024-02-01T06:07","doName":"Attachment DO","dotype":"Attachments Display","logtype":"main","content":"open the DO edit modal","entity":"PLC-labelling machine","visibleColumns":[],"tableName":""}
{"time":"2024-02-01T06:07","doName":"Attachment DO","dotype":"Attachments Display","logtype":"drag and drop","content":"drop a ef on a mainDO","entity":"PLC-labelling machine","ef":"Actual Bottle Diameter-DLMk"}
{"time":"2024-02-01T06:07","doName":"Attachment DO","dotype":"Attachments Display","logtype":"drag and drop","content":"drop a ef on a mainDO","entity":"PLC-labelling machine","ef":"Actual Gap-DLM"}
{"time":"2024-02-01T06:07","doName":"Attachment DO","dotype":"Attachments Display","logtype":"drag and drop","content":"drop a ef on a mainDO","entity":"PLC-labelling machine","ef":"A-Scale Reco7rd8dsf"}
{"time":"2024-02-01T06:07","doName":"Attachment DO","dotype":"Attachments Display","logtype":"drag and drop","content":"drop a ef on a mainDO","entity":"PLC-labelling machine","ef":"assfdsf"}
{"time":"2024-02-01T06:08","doName":"Attachment DO","dotype":"Attachments Display","logtype":"drag and drop","content":"drop a ef on a mainDO","entity":"PLC-labelling machine","ef":"Auto Seperator On/Off"}
{"time":"2024-02-01T06:10","doName":"Attachment DO","dotype":"Attachments Display","logtype":"drag and drop","content":"drop a ef on a mainDO","entity":"PLC-labelling machine","ef":"A-Scale Reco7rd8dsf"}
{"time":"2024-02-01T06:10","doName":"Attachment DO","dotype":"Attachments Display","logtype":"main","content":"open the DO edit modal","entity":"PLC-labelling machine","visibleColumns":[],"tableName":""}
{"time":"2024-02-01T06:11","doName":"Attachment DO","dotype":"Attachments Display","logtype":"drag and drop","content":"drop a ef on a mainDO","entity":"PLC-labelling machine","ef":"Actual Bottle Diameter-DLMk"}
{"time":"2024-02-01T06:11","doName":"Attachment DO","dotype":"Attachments Display","logtype":"main","content":"open the DO edit modal","entity":"PLC-labelling machine","visibleColumns":[],"tableName":""}
{"time":"2024-02-01T06:11","doName":"Attachment DO","dotype":"Attachments Display","logtype":"drag and drop","content":"drop a ef on a mainDO","entity":"PLC-labelling machine","ef":"Actual Bottle Diameter-DLMk"}
{"time":"2024-02-01T06:15","doName":"Attachment DO","dotype":"Attachments Display","logtype":"drag and drop","content":"drop a ef on a mainDO","entity":"PLC-labelling machine","ef":"Actual Gap-DLM"}
{"time":"2024-02-01T06:15","doName":"Attachment DO","dotype":"Attachments Display","logtype":"drag and drop","content":"drop a ef on a mainDO","entity":"PLC-labelling machine","ef":"Actual gap length-DLM"}
{"time":"2024-02-01T06:15","doName":"Attachment DO","dotype":"Attachments Display","logtype":"drag and drop","content":"drop a ef on a mainDO","entity":"PLC-labelling machine","ef":"Alarm -reset -DLM"}
{"time":"2024-02-01T06:20","doName":"Attachment DO","dotype":"Attachments Display","logtype":"main","content":"open the DO edit modal","entity":"PLC-labelling machine","visibleColumns":[],"tableName":""}
{"time":"2024-02-01T06:20","doName":"Attachment DO","dotype":"Attachments Display","logtype":"drag and drop","content":"drop a ef on a mainDO","entity":"PLC-labelling machine","ef":"Actual Bottle Diameter-DLMk"}
{"time":"2024-02-01T06:21","doName":"Attachment DO","dotype":"Attachments Display","logtype":"main","content":"open the DO edit modal","entity":"PLC-labelling machine","visibleColumns":[],"tableName":""}
{"time":"2024-02-01T06:21","doName":"Attachment DO","dotype":"Attachments Display","logtype":"drag and drop","content":"drop a ef on a mainDO","entity":"PLC-labelling machine","ef":"Actual Bottle Diameter-DLMk"}
{"time":"2024-02-01T07:04","doName":"Dessicant form","dotype":"Form Display","logtype":"main","content":"open the DO edit modal","entity":"DEssicantentity","visibleColumns":[],"tableName":"Desiccant"}
{"time":"2024-02-01T07:04","doName":"Dessicant form","dotype":"Form Display","logtype":"drag and drop","content":"drop a ef on a mainDO","entity":"DEssicantentity","ef":"DesiccantTypeId"}
{"time":"2024-02-01T07:04","doName":"Dessicant form","dotype":"Form Display","logtype":"common button","content":"The save button is clicked.","entity":"DEssicantentity","visibleColumns":["Des field"],"tableName":"Desiccant","dbQuery":["INSERT INTO ViewField (ViewsId, ViewFieldName, MachineParameterId) VALUES, ('4119', 'Des field', '7905')"]}
{"time":"2024-02-01T07:04","doName":"Dessicant form","dotype":"Form Display","logtype":"main","content":"open the DO edit modal","entity":"DEssicantentity","visibleColumns":[],"tableName":"Desiccant"}
{"time":"2024-02-01T07:05","doName":"cap display object","dotype":"List Display","logtype":"main","content":"open the DO edit modal","entity":"Cap entity","visibleColumns":[],"tableName":"Cap"}
{"time":"2024-02-01T07:32","doName":"Attachment DO","dotype":"Attachments Display","logtype":"main","content":"open the DO edit modal","entity":"PLC-labelling machine","visibleColumns":[],"tableName":""}
{"time":"2024-02-01T07:32","doName":"Attachment DO","dotype":"Attachments Display","logtype":"drag and drop","content":"drop a ef on a mainDO","entity":"PLC-labelling machine","ef":"Actual Bottle Diameter-DLMk"}
{"time":"2024-02-01T07:34","doName":"Attachment DO","dotype":"Attachments Display","logtype":"main","content":"open the DO edit modal","entity":"PLC-labelling machine","visibleColumns":[],"tableName":""}
{"time":"2024-02-01T07:35","doName":"Attachment DO","dotype":"Attachments Display","logtype":"drag and drop","content":"drop a ef on a mainDO","entity":"PLC-labelling machine","ef":"Actual Bottle Diameter-DLMk"}
{"time":"2024-02-01T07:35","doName":"Attachment DO","dotype":"Attachments Display","logtype":"main","content":"open the DO edit modal","entity":"PLC-labelling machine","visibleColumns":[],"tableName":""}
{"time":"2024-02-01T07:37","doName":"Attachment DO","dotype":"Attachments Display","logtype":"main","content":"open the DO edit modal","entity":"PLC-labelling machine","visibleColumns":[],"tableName":""}
{"time":"2024-02-01T07:38","doName":"Attachment DO","dotype":"Attachments Display","logtype":"main","content":"open the DO edit modal","entity":"PLC-labelling machine","visibleColumns":[],"tableName":""}
{"time":"2024-02-01T07:39","doName":"Attachment DO","dotype":"Attachments Display","logtype":"main","content":"open the DO edit modal","entity":"PLC-labelling machine","visibleColumns":[],"tableName":""}
{"time":"2024-02-01T07:39","doName":"Attachment DO","dotype":"Attachments Display","logtype":"main","content":"open the DO edit modal","entity":"PLC-labelling machine","visibleColumns":[],"tableName":""}
{"time":"2024-02-01T07:43","doName":"Attachment DO","dotype":"Attachments Display","logtype":"main","content":"open the DO edit modal","entity":"PLC-labelling machine","visibleColumns":[],"tableName":""}
{"time":"2024-02-01T07:45","doName":"Attachment DO","dotype":"Attachments Display","logtype":"main","content":"open the DO edit modal","entity":"PLC-labelling machine","visibleColumns":[],"tableName":""}
{"time":"2024-02-01T07:45","doName":"piegrpah123","dotype":"Pie Chart Display","logtype":"main","content":"open the DO edit modal","entity":"PLC-labelling machine","visibleColumns":[],"tableName":""}
{"time":"2024-02-01T07:45","doName":"piegrpah123","dotype":"Pie Chart Display","logtype":"main","content":"open the DO edit modal","entity":"PLC-labelling machine","visibleColumns":[],"tableName":""}
{"time":"2024-02-01T13:14","doName":"Attachment DO","dotype":"Attachments Display","logtype":"main","content":"open the DO edit modal","entity":"PLC-labelling machine","visibleColumns":[],"tableName":""}
{"time":"2024-02-01T13:17","doName":"Attachment DO","dotype":"Attachments Display","logtype":"main","content":"open the DO edit modal","entity":"PLC-labelling machine","visibleColumns":[],"tableName":""}
{"time":"2024-02-01T13:18","doName":"Attachment DO","dotype":"Attachments Display","logtype":"main","content":"open the DO edit modal","entity":"PLC-labelling machine","visibleColumns":[],"tableName":""}
{"time":"2024-02-01T13:18","doName":"Attachment DO","dotype":"Attachments Display","logtype":"main","content":"open the DO edit modal","entity":"PLC-labelling machine","visibleColumns":[],"tableName":""}
{"time":"2024-02-01T13:25","doName":"Attachment DO","dotype":"Attachments Display","logtype":"main","content":"open the DO edit modal","entity":"PLC-labelling machine","visibleColumns":[],"tableName":""}
{"time":"2024-02-01T13:25","doName":"Attachment DO","dotype":"Attachments Display","logtype":"main","content":"open the DO edit modal","entity":"PLC-labelling machine","visibleColumns":[],"tableName":""}
{"time":"2024-02-01T13:25","doName":"Attachment DO","dotype":"Attachments Display","logtype":"main","content":"open the DO edit modal","entity":"PLC-labelling machine","visibleColumns":[],"tableName":""}
{"time":"2024-02-01T13:27","doName":"Attachment DO","dotype":"Attachments Display","logtype":"main","content":"open the DO edit modal","entity":"PLC-labelling machine","visibleColumns":[],"tableName":""}
{"time":"2024-02-01T13:27","doName":"Attachment DO","dotype":"Attachments Display","logtype":"main","content":"open the DO edit modal","entity":"PLC-labelling machine","visibleColumns":[],"tableName":""}
{"time":"2024-02-01T13:28","doName":"Attachment DO","dotype":"Attachments Display","logtype":"drag and drop","content":"drop a ef on a mainDO","entity":"PLC-labelling machine","ef":"Actual Bottle Diameter-DLMk"}
{"time":"2024-02-01T13:28","doName":"Attachment DO","dotype":"Attachments Display","logtype":"main","content":"open the DO edit modal","entity":"PLC-labelling machine","visibleColumns":[],"tableName":""}
{"time":"2024-02-01T13:29","doName":"Attachment DO","dotype":"Attachments Display","logtype":"main","content":"open the DO edit modal","entity":"PLC-labelling machine","visibleColumns":[],"tableName":""}
{"time":"2024-02-01T13:32","doName":"Attachment DO","dotype":"Attachments Display","logtype":"main","content":"open the DO edit modal","entity":"PLC-labelling machine","visibleColumns":[],"tableName":""}
{"time":"2024-02-01T13:32","doName":"Attachment DO","dotype":"Attachments Display","logtype":"main","content":"open the DO edit modal","entity":"PLC-labelling machine","visibleColumns":[],"tableName":""}
{"time":"2024-02-01T13:34","doName":"Attachment DO","dotype":"Attachments Display","logtype":"main","content":"open the DO edit modal","entity":"PLC-labelling machine","visibleColumns":[],"tableName":""}
{"time":"2024-02-01T13:34","doName":"Attachment DO","dotype":"Attachments Display","logtype":"drag and drop","content":"drop a ef on a mainDO","entity":"PLC-labelling machine","ef":"Actual Bottle Diameter-DLMk"}
{"time":"2024-02-01T13:35","doName":"Attachment DO","dotype":"Attachments Display","logtype":"main","content":"open the DO edit modal","entity":"PLC-labelling machine","visibleColumns":[],"tableName":""}
{"time":"2024-02-01T13:35","doName":"Attachment DO","dotype":"Attachments Display","logtype":"drag and drop","content":"drop a ef on a mainDO","entity":"PLC-labelling machine","ef":"Actual gap length-DLM"}
{"time":"2024-02-01T13:35","doName":"Attachment DO","dotype":"Attachments Display","logtype":"drag and drop","content":"drop a ef on a mainDO","entity":"PLC-labelling machine","ef":"Actual Gap-DLM"}
{"time":"2024-02-01T13:35","doName":"Attachment DO","dotype":"Attachments Display","logtype":"drag and drop","content":"drop a ef on a mainDO","entity":"PLC-labelling machine","ef":"Alarm -reset -DLM"}
{"time":"2024-02-01T13:51","doName":"Attachment DO","dotype":"Attachments Display","logtype":"main","content":"open the DO edit modal","entity":"PLC-labelling machine","visibleColumns":[],"tableName":""}
{"time":"2024-02-01T13:53","doName":"Attachment DO","dotype":"Attachments Display","logtype":"main","content":"open the DO edit modal","entity":"PLC-labelling machine","visibleColumns":[],"tableName":""}
{"time":"2024-02-01T13:54","doName":"Attachment DO","dotype":"Attachments Display","logtype":"main","content":"open the DO edit modal","entity":"PLC-labelling machine","visibleColumns":[],"tableName":""}
{"time":"2024-02-01T13:55","doName":"Attachment DO","dotype":"Attachments Display","logtype":"main","content":"open the DO edit modal","entity":"PLC-labelling machine","visibleColumns":[],"tableName":""}
{"time":"2024-02-01T13:55","doName":"Attachment DO","dotype":"Attachments Display","logtype":"main","content":"open the DO edit modal","entity":"PLC-labelling machine","visibleColumns":[],"tableName":""}
{"time":"2024-02-01T13:57","doName":"Attachment DO","dotype":"Attachments Display","logtype":"main","content":"open the DO edit modal","entity":"PLC-labelling machine","visibleColumns":[],"tableName":""}
{"time":"2024-02-01T13:59","doName":"Attachment DO","dotype":"Attachments Display","logtype":"main","content":"open the DO edit modal","entity":"PLC-labelling machine","visibleColumns":[],"tableName":""}
{"time":"2024-02-01T14:00","doName":"Attachment DO","dotype":"Attachments Display","logtype":"main","content":"open the DO edit modal","entity":"PLC-labelling machine","visibleColumns":[],"tableName":""}
{"time":"2024-02-01T14:00","doName":"Attachment DO","dotype":"Attachments Display","logtype":"drag and drop","content":"drop a ef on a mainDO","entity":"PLC-labelling machine","ef":"Actual Bottle Diameter-DLMk"}
{"time":"2024-02-01T14:01","doName":"Attachment DO","dotype":"Attachments Display","logtype":"main","content":"open the DO edit modal","entity":"PLC-labelling machine","visibleColumns":[],"tableName":""}
{"time":"2024-02-01T14:01","doName":"Attachment DO","dotype":"Attachments Display","logtype":"drag and drop","content":"drop a ef on a mainDO","entity":"PLC-labelling machine","ef":"Actual Bottle Diameter-DLMk"}
{"time":"2024-02-01T14:02","doName":"Attachment DO","dotype":"Attachments Display","logtype":"main","content":"open the DO edit modal","entity":"PLC-labelling machine","visibleColumns":[],"tableName":""}
{"time":"2024-02-01T14:02","doName":"Attachment DO","dotype":"Attachments Display","logtype":"drag and drop","content":"drop a ef on a mainDO","entity":"PLC-labelling machine","ef":"Actual Bottle Diameter-DLMk"}
{"time":"2024-02-01T14:02","doName":"Attachment DO","dotype":"Attachments Display","logtype":"main","content":"open the DO edit modal","entity":"PLC-labelling machine","visibleColumns":[],"tableName":""}
{"time":"2024-02-01T14:03","doName":"Attachment DO","dotype":"Attachments Display","logtype":"drag and drop","content":"drop a ef on a mainDO","entity":"PLC-labelling machine","ef":"Actual Bottle Diameter-DLMk"}
{"time":"2024-02-01T14:03","doName":"Attachment DO","dotype":"Attachments Display","logtype":"main","content":"open the DO edit modal","entity":"PLC-labelling machine","visibleColumns":[],"tableName":""}
{"time":"2024-02-01T14:03","doName":"Attachment DO","dotype":"Attachments Display","logtype":"drag and drop","content":"drop a ef on a mainDO","entity":"PLC-labelling machine","ef":"Actual Bottle Diameter-DLMk"}
{"time":"2024-02-01T14:04","doName":"Attachment DO","dotype":"Attachments Display","logtype":"main","content":"open the DO edit modal","entity":"PLC-labelling machine","visibleColumns":[],"tableName":""}
{"time":"2024-02-01T14:04","doName":"Attachment DO","dotype":"Attachments Display","logtype":"drag and drop","content":"drop a ef on a mainDO","entity":"PLC-labelling machine","ef":"Actual Bottle Diameter-DLMk"}
{"time":"2024-02-01T14:04","doName":"Attachment DO","dotype":"Attachments Display","logtype":"main","content":"open the DO edit modal","entity":"PLC-labelling machine","visibleColumns":[],"tableName":""}
{"time":"2024-02-01T14:04","doName":"Attachment DO","dotype":"Attachments Display","logtype":"drag and drop","content":"drop a ef on a mainDO","entity":"PLC-labelling machine","ef":"Actual Bottle Diameter-DLMk"}
{"time":"2024-02-01T14:05","doName":"Attachment DO","dotype":"Attachments Display","logtype":"main","content":"open the DO edit modal","entity":"PLC-labelling machine","visibleColumns":[],"tableName":""}
{"time":"2024-02-01T14:07","doName":"Attachment DO","dotype":"Attachments Display","logtype":"main","content":"open the DO edit modal","entity":"PLC-labelling machine","visibleColumns":[],"tableName":""}
{"time":"2024-02-01T14:07","doName":"Attachment DO","dotype":"Attachments Display","logtype":"drag and drop","content":"drop a ef on a mainDO","entity":"PLC-labelling machine","ef":"Actual Bottle Diameter-DLMk"}
{"time":"2024-02-01T14:08","doName":"Attachment DO","dotype":"Attachments Display","logtype":"main","content":"open the DO edit modal","entity":"PLC-labelling machine","visibleColumns":[],"tableName":""}
{"time":"2024-02-01T14:08","doName":"Attachment DO","dotype":"Attachments Display","logtype":"main","content":"open the DO edit modal","entity":"PLC-labelling machine","visibleColumns":[],"tableName":""}
{"time":"2024-02-01T14:08","doName":"Attachment DO","dotype":"Attachments Display","logtype":"drag and drop","content":"drop a ef on a mainDO","entity":"PLC-labelling machine","ef":"Actual Bottle Diameter-DLMk"}
{"time":"2024-02-01T14:09","doName":"Attachment DO","dotype":"Attachments Display","logtype":"main","content":"open the DO edit modal","entity":"PLC-labelling machine","visibleColumns":[],"tableName":""}
{"time":"2024-02-01T14:09","doName":"Attachment DO","dotype":"Attachments Display","logtype":"drag and drop","content":"drop a ef on a mainDO","entity":"PLC-labelling machine","ef":"Actual Bottle Diameter-DLMk"}
{"time":"2024-02-01T14:10","doName":"Attachment DO","dotype":"Attachments Display","logtype":"main","content":"open the DO edit modal","entity":"PLC-labelling machine","visibleColumns":[],"tableName":""}
{"time":"2024-02-01T14:10","doName":"Attachment DO","dotype":"Attachments Display","logtype":"drag and drop","content":"drop a ef on a mainDO","entity":"PLC-labelling machine","ef":"Actual Bottle Diameter-DLMk"}
{"time":"2024-02-01T14:25","doName":"Attachment DO","dotype":"Attachments Display","logtype":"main","content":"open the DO edit modal","entity":"PLC-labelling machine","visibleColumns":[],"tableName":""}
{"time":"2024-02-01T14:25","doName":"Attachment DO","dotype":"Attachments Display","logtype":"main","content":"open the DO edit modal","entity":"PLC-labelling machine","visibleColumns":[],"tableName":""}
{"time":"2024-02-01T14:26","doName":"Attachment DO","dotype":"Attachments Display","logtype":"main","content":"open the DO edit modal","entity":"PLC-labelling machine","visibleColumns":[],"tableName":""}
{"time":"2024-02-01T14:27","doName":"Attachment DO","dotype":"Attachments Display","logtype":"main","content":"open the DO edit modal","entity":"PLC-labelling machine","visibleColumns":[],"tableName":""}
