{"time":"2024-02-13T05:52","doName":"Bottle Container","dotype":"Container for third party (exe or webpage)","logtype":"main","content":"open the DO edit modal","entity":"Bottle Entity","visibleColumns":[],"tableName":"Bottle"}
{"time":"2024-02-13T05:52","doName":"Bottle Container","dotype":"Container for third party (exe or webpage)","logtype":"drag and drop","content":"drop a ef on a mainDO","entity":"Bottle Entity","ef":"BottleCC"}
{"time":"2024-02-13T05:57","doName":"Bottle Container","dotype":"Container for third party (exe or webpage)","logtype":"main","content":"open the DO edit modal","entity":"Bottle Entity","visibleColumns":[],"tableName":"Bottle"}
{"time":"2024-02-13T05:57","doName":"Bottle Container","dotype":"Container for third party (exe or webpage)","logtype":"drag and drop","content":"drop a ef on a mainDO","entity":"Bottle Entity","ef":"BottleCC"}
{"time":"2024-02-13T05:57","doName":"Bottle Container","dotype":"Container for third party (exe or webpage)","logtype":"drag and drop","content":"drop a ef on a mainDO","entity":"Bottle Entity","ef":"BottleCC"}
{"time":"2024-02-13T05:57","doName":"Bottle Container","dotype":"Container for third party (exe or webpage)","logtype":"drag and drop","content":"drop a ef on a mainDO","entity":"Bottle Entity","ef":"BottleCC"}
{"time":"2024-02-13T05:58","doName":"Bottle Container","dotype":"Container for third party (exe or webpage)","logtype":"main","content":"open the DO edit modal","entity":"Bottle Entity","visibleColumns":[],"tableName":"Bottle"}
{"time":"2024-02-13T05:58","doName":"Bottle Container","dotype":"Container for third party (exe or webpage)","logtype":"drag and drop","content":"drop a ef on a mainDO","entity":"Bottle Entity","ef":"BottleCC"}
{"time":"2024-02-13T06:01","doName":"Bottle Container","dotype":"Container for third party (exe or webpage)","logtype":"main","content":"open the DO edit modal","entity":"Bottle Entity","visibleColumns":[],"tableName":"Bottle"}
{"time":"2024-02-13T06:01","doName":"Bottle Container","dotype":"Container for third party (exe or webpage)","logtype":"drag and drop","content":"drop a ef on a mainDO","entity":"Bottle Entity","ef":"BottleCC"}
{"time":"2024-02-13T06:01","doName":"Bottle Container","dotype":"Container for third party (exe or webpage)","logtype":"main","content":"open the DO edit modal","entity":"Bottle Entity","visibleColumns":[],"tableName":"Bottle"}
{"time":"2024-02-13T06:01","doName":"Bottle Container","dotype":"Container for third party (exe or webpage)","logtype":"drag and drop","content":"drop a ef on a mainDO","entity":"Bottle Entity","ef":"BottleCC"}
{"time":"2024-02-13T06:02","doName":"Bottle Container","dotype":"Container for third party (exe or webpage)","logtype":"main","content":"open the DO edit modal","entity":"Bottle Entity","visibleColumns":[],"tableName":"Bottle"}
{"time":"2024-02-13T06:02","doName":"Bottle Container","dotype":"Container for third party (exe or webpage)","logtype":"drag and drop","content":"drop a ef on a mainDO","entity":"Bottle Entity","ef":"BottleCC"}
{"time":"2024-02-13T06:05","doName":"Bottle Container","dotype":"Container for third party (exe or webpage)","logtype":"main","content":"open the DO edit modal","entity":"Bottle Entity","visibleColumns":[],"tableName":"Bottle"}
{"time":"2024-02-13T06:05","doName":"Bottle Container","dotype":"Container for third party (exe or webpage)","logtype":"drag and drop","content":"drop a ef on a mainDO","entity":"Bottle Entity","ef":"BottleCC"}
{"time":"2024-02-13T06:06","doName":"Bottle Container","dotype":"Container for third party (exe or webpage)","logtype":"main","content":"open the DO edit modal","entity":"Bottle Entity","visibleColumns":[],"tableName":"Bottle"}
{"time":"2024-02-13T06:06","doName":"Bottle Container","dotype":"Container for third party (exe or webpage)","logtype":"drag and drop","content":"drop a ef on a mainDO","entity":"Bottle Entity","ef":"BottleCC"}
{"time":"2024-02-13T08:52","doName":"Attachment DO","dotype":"Attachments Display","logtype":"main","content":"open the DO edit modal","entity":"PLC-labelling machine","visibleColumns":[],"tableName":""}
{"time":"2024-02-13T08:52","doName":"Attachment DO","dotype":"Attachments Display","logtype":"drag and drop","content":"drag and drop a component","entity":"PLC-labelling machine","html":"\u003cselect style=\"color: black; position: absolute; left: 647.086px; top: 153.859px;\" id=\"componentId1_4122\" class=\"clones component my-dragging-class\"\u003e\u003c/select\u003e"}
{"time":"2024-02-13T08:52","doName":"Attachment DO","dotype":"Attachments Display","logtype":"drag and drop","content":"drop a ef on a component","entity":"PLC-labelling machine","ef":"Actual gap length-DLM"}
{"time":"2024-02-13T08:52","doName":"Attachment DO","dotype":"Attachments Display","logtype":"drag and drop","content":"drop a ef on a component","entity":"PLC-labelling machine","ef":"Actual label Length-DLM"}
{"time":"2024-02-13T09:31","doName":"cap display object","dotype":"List Display","logtype":"main","content":"open the DO edit modal","entity":"Cap entity","visibleColumns":[],"tableName":"Cap"}
{"time":"2024-02-13T09:31","doName":"cap display object","dotype":"List Display","logtype":"drag and drop","content":"drag and drop a component","entity":"Cap entity","html":"\u003cinput type=\"button\" value=\"Add\" style=\"color: black; position: absolute; left: 102.68px; top: 17.8594px;\" commonbutton=\"4\" id=\"componentId1_4120\" class=\"clones component my-dragging-class\"\u003e"}
