{"time":"2024-02-01T15:03","doName":"Attachment DO","dotype":"Attachments Display","logtype":"main","content":"open the DO edit modal","entity":"PLC-labelling machine","visibleColumns":[],"tableName":""}
{"time":"2024-02-01T15:03","doName":"Attachment DO","dotype":"Attachments Display","logtype":"drag and drop","content":"drop a ef on a mainDO","entity":"PLC-labelling machine","ef":"Actual Bottle Diameter-DLMk"}
{"time":"2024-02-01T15:10","doName":"Attachment DO","dotype":"Attachments Display","logtype":"main","content":"open the DO edit modal","entity":"PLC-labelling machine","visibleColumns":[],"tableName":""}
{"time":"2024-02-01T15:10","doName":"Attachment DO","dotype":"Attachments Display","logtype":"drag and drop","content":"drop a ef on a mainDO","entity":"PLC-labelling machine","ef":"Actual Bottle Diameter-DLMk"}
{"time":"2024-02-01T15:10","doName":"Attachment DO","dotype":"Attachments Display","logtype":"drag and drop","content":"drop a ef on a mainDO","entity":"PLC-labelling machine","ef":"Actual Bottle Diameter-DLMk"}
{"time":"2024-02-01T15:11","doName":"cap display object","dotype":"List Display","logtype":"main","content":"open the DO edit modal","entity":"Cap entity","visibleColumns":[],"tableName":"Cap"}
{"time":"2024-02-01T15:11","doName":"cap display object","dotype":"List Display","logtype":"drag and drop","content":"drop a ef on a mainDO","entity":"Cap entity","ef":"CapName"}
{"time":"2024-02-01T15:11","doName":"cap display object","dotype":"List Display","logtype":"drag and drop","content":"drop a ef on a mainDO","entity":"Cap entity","ef":"CapTypeId"}
{"time":"2024-02-01T15:12","doName":"Attachment DO","dotype":"Attachments Display","logtype":"main","content":"open the DO edit modal","entity":"PLC-labelling machine","visibleColumns":[],"tableName":""}
{"time":"2024-02-01T15:12","doName":"Attachment DO","dotype":"Attachments Display","logtype":"drag and drop","content":"drop a ef on a mainDO","entity":"PLC-labelling machine","ef":"Actual Bottle Diameter-DLMk"}
{"time":"2024-02-01T15:13","doName":"Attachment DO","dotype":"Attachments Display","logtype":"main","content":"open the DO edit modal","entity":"PLC-labelling machine","visibleColumns":[],"tableName":""}
{"time":"2024-02-01T15:13","doName":"Attachment DO","dotype":"Attachments Display","logtype":"drag and drop","content":"drop a ef on a mainDO","entity":"PLC-labelling machine","ef":"Actual Bottle Diameter-DLMk"}
{"time":"2024-02-01T15:13","doName":"Attachment DO","dotype":"Attachments Display","logtype":"drag and drop","content":"drop a ef on a mainDO","entity":"PLC-labelling machine","ef":"Actual Bottle Diameter-DLMk"}
{"time":"2024-02-01T15:13","doName":"Attachment DO","dotype":"Attachments Display","logtype":"drag and drop","content":"drop a ef on a mainDO","entity":"PLC-labelling machine","ef":"Actual Bottle Diameter-DLMk"}
{"time":"2024-02-01T15:26","doName":"Attachment DO","dotype":"Attachments Display","logtype":"main","content":"open the DO edit modal","entity":"PLC-labelling machine","visibleColumns":[],"tableName":""}
{"time":"2024-02-01T15:26","doName":"Attachment DO","dotype":"Attachments Display","logtype":"drag and drop","content":"drop a ef on a mainDO","entity":"PLC-labelling machine","ef":"Actual Bottle Diameter-DLMk"}
{"time":"2024-02-01T15:27","doName":"Attachment DO","dotype":"Attachments Display","logtype":"main","content":"open the DO edit modal","entity":"PLC-labelling machine","visibleColumns":[],"tableName":""}
{"time":"2024-02-01T15:27","doName":"Attachment DO","dotype":"Attachments Display","logtype":"drag and drop","content":"drop a ef on a mainDO","entity":"PLC-labelling machine","ef":"Actual Bottle Diameter-DLMk"}
{"time":"2024-02-01T15:27","doName":"Attachment DO","dotype":"Attachments Display","logtype":"drag and drop","content":"drop a ef on a mainDO","entity":"PLC-labelling machine","ef":"Actual gap length-DLM"}
{"time":"2024-02-01T15:27","doName":"Attachment DO","dotype":"Attachments Display","logtype":"drag and drop","content":"drop a ef on a mainDO","entity":"PLC-labelling machine","ef":"Actual Gap-DLM"}
{"time":"2024-02-01T15:27","doName":"Attachment DO","dotype":"Attachments Display","logtype":"drag and drop","content":"drop a ef on a mainDO","entity":"PLC-labelling machine","ef":"Actual label Length-DLM"}
{"time":"2024-02-01T15:27","doName":"Attachment DO","dotype":"Attachments Display","logtype":"main","content":"open the DO edit modal","entity":"PLC-labelling machine","visibleColumns":[],"tableName":""}
{"time":"2024-02-01T15:27","doName":"Attachment DO","dotype":"Attachments Display","logtype":"drag and drop","content":"drop a ef on a mainDO","entity":"PLC-labelling machine","ef":"Actual Bottle Diameter-DLMk"}
{"time":"2024-02-01T15:28","doName":"Attachment DO","dotype":"Attachments Display","logtype":"drag and drop","content":"drop a ef on a mainDO","entity":"PLC-labelling machine","ef":"Actual gap length-DLM"}
{"time":"2024-02-01T15:28","doName":"Attachment DO","dotype":"Attachments Display","logtype":"drag and drop","content":"drop a ef on a mainDO","entity":"PLC-labelling machine","ef":"Alarm -reset -DLM"}
{"time":"2024-02-01T15:28","doName":"Attachment DO","dotype":"Attachments Display","logtype":"drag and drop","content":"drop a ef on a mainDO","entity":"PLC-labelling machine","ef":"A-Scale Reco7rd8dsf"}
{"time":"2024-02-01T15:29","doName":"Attachment DO","dotype":"Attachments Display","logtype":"drag and drop","content":"drop a ef on a mainDO","entity":"PLC-labelling machine","ef":"Actual gap length-DLM"}
{"time":"2024-02-01T15:29","doName":"Attachment DO","dotype":"Attachments Display","logtype":"drag and drop","content":"drop a ef on a mainDO","entity":"PLC-labelling machine","ef":"Actual gap length-DLM"}
{"time":"2024-02-01T15:31","doName":"Attachment DO","dotype":"Attachments Display","logtype":"drag and drop","content":"drop a ef on a mainDO","entity":"PLC-labelling machine","ef":"aa44"}
{"time":"2024-02-01T15:33","doName":"Attachment DO","dotype":"Attachments Display","logtype":"main","content":"open the DO edit modal","entity":"PLC-labelling machine","visibleColumns":[],"tableName":""}
{"time":"2024-02-01T15:33","doName":"Attachment DO","dotype":"Attachments Display","logtype":"drag and drop","content":"drop a ef on a mainDO","entity":"PLC-labelling machine","ef":"Actual Bottle Diameter-DLMk"}
{"time":"2024-02-01T15:33","doName":"Attachment DO","dotype":"Attachments Display","logtype":"drag and drop","content":"drop a ef on a mainDO","entity":"PLC-labelling machine","ef":"Actual Bottle Diameter-DLMk"}
{"time":"2024-02-01T15:33","doName":"Attachment DO","dotype":"Attachments Display","logtype":"drag and drop","content":"drop a ef on a mainDO","entity":"PLC-labelling machine","ef":"Actual Gap-DLM"}
{"time":"2024-02-01T15:33","doName":"Attachment DO","dotype":"Attachments Display","logtype":"drag and drop","content":"drop a ef on a mainDO","entity":"PLC-labelling machine","ef":"aa44"}
{"time":"2024-02-01T15:34","doName":"Attachment DO","dotype":"Attachments Display","logtype":"drag and drop","content":"drop a ef on a mainDO","entity":"PLC-labelling machine","ef":"Alarm -reset -DLM"}
{"time":"2024-02-01T15:38","doName":"Attachment DO","dotype":"Attachments Display","logtype":"main","content":"open the DO edit modal","entity":"PLC-labelling machine","visibleColumns":[],"tableName":""}
{"time":"2024-02-01T15:38","doName":"Attachment DO","dotype":"Attachments Display","logtype":"drag and drop","content":"drop a ef on a mainDO","entity":"PLC-labelling machine","ef":"Actual gap length-DLM"}
{"time":"2024-02-01T15:39","doName":"Attachment DO","dotype":"Attachments Display","logtype":"drag and drop","content":"drop a ef on a mainDO","entity":"PLC-labelling machine","ef":"Actual gap length-DLM"}
{"time":"2024-02-01T15:39","doName":"Attachment DO","dotype":"Attachments Display","logtype":"drag and drop","content":"drop a ef on a mainDO","entity":"PLC-labelling machine","ef":"Actual label Length-DLM"}
{"time":"2024-02-01T15:39","doName":"Attachment DO","dotype":"Attachments Display","logtype":"drag and drop","content":"drop a ef on a mainDO","entity":"PLC-labelling machine","ef":"A-Scale Reco7rd8dsf"}
{"time":"2024-02-01T15:39","doName":"Attachment DO","dotype":"Attachments Display","logtype":"drag and drop","content":"drop a ef on a mainDO","entity":"PLC-labelling machine","ef":"assfdsf"}
{"time":"2024-02-01T15:39","doName":"Attachment DO","dotype":"Attachments Display","logtype":"drag and drop","content":"drop a ef on a mainDO","entity":"PLC-labelling machine","ef":"Auto Seperator On/Off"}
{"time":"2024-02-01T15:42","doName":"Attachment DO","dotype":"Attachments Display","logtype":"main","content":"open the DO edit modal","entity":"PLC-labelling machine","visibleColumns":[],"tableName":""}
{"time":"2024-02-01T15:43","doName":"Attachment DO","dotype":"Attachments Display","logtype":"drag and drop","content":"drop a ef on a mainDO","entity":"PLC-labelling machine","ef":"Actual Bottle Diameter-DLMk"}
{"time":"2024-02-01T15:43","doName":"Attachment DO","dotype":"Attachments Display","logtype":"drag and drop","content":"drop a ef on a mainDO","entity":"PLC-labelling machine","ef":"Actual gap length-DLM"}
{"time":"2024-02-01T15:43","doName":"Attachment DO","dotype":"Attachments Display","logtype":"drag and drop","content":"drop a ef on a mainDO","entity":"PLC-labelling machine","ef":"Actual gap length-DLM"}
{"time":"2024-02-01T15:44","doName":"Attachment DO","dotype":"Attachments Display","logtype":"drag and drop","content":"drop a ef on a mainDO","entity":"PLC-labelling machine","ef":"Actual Bottle Diameter-DLMk"}
{"time":"2024-02-01T15:44","doName":"Attachment DO","dotype":"Attachments Display","logtype":"drag and drop","content":"drop a ef on a mainDO","entity":"PLC-labelling machine","ef":"Auto Seperator On/Off"}
{"time":"2024-02-01T15:45","doName":"Attachment DO","dotype":"Attachments Display","logtype":"drag and drop","content":"drop a ef on a mainDO","entity":"PLC-labelling machine","ef":"Batch Over - Stop Mode"}
{"time":"2024-02-01T15:45","doName":"Attachment DO","dotype":"Attachments Display","logtype":"main","content":"open the DO edit modal","entity":"PLC-labelling machine","visibleColumns":[],"tableName":""}
{"time":"2024-02-01T15:45","doName":"Attachment DO","dotype":"Attachments Display","logtype":"drag and drop","content":"drop a ef on a mainDO","entity":"PLC-labelling machine","ef":"Actual Bottle Diameter-DLMk"}
{"time":"2024-02-01T15:45","doName":"Attachment DO","dotype":"Attachments Display","logtype":"drag and drop","content":"drop a ef on a mainDO","entity":"PLC-labelling machine","ef":"Auto Seperator On/Off"}
{"time":"2024-02-01T15:48","doName":"Attachment DO","dotype":"Attachments Display","logtype":"main","content":"open the DO edit modal","entity":"PLC-labelling machine","visibleColumns":[],"tableName":""}
{"time":"2024-02-01T15:48","doName":"Attachment DO","dotype":"Attachments Display","logtype":"drag and drop","content":"drop a ef on a mainDO","entity":"PLC-labelling machine","ef":"Actual Bottle Diameter-DLMk"}
{"time":"2024-02-01T15:48","doName":"Attachment DO","dotype":"Attachments Display","logtype":"drag and drop","content":"drop a ef on a mainDO","entity":"PLC-labelling machine","ef":"Actual gap length-DLM"}
{"time":"2024-02-01T15:48","doName":"Attachment DO","dotype":"Attachments Display","logtype":"drag and drop","content":"drop a ef on a mainDO","entity":"PLC-labelling machine","ef":"Actual label Length-DLM"}
{"time":"2024-02-01T15:48","doName":"Attachment DO","dotype":"Attachments Display","logtype":"drag and drop","content":"drop a ef on a mainDO","entity":"PLC-labelling machine","ef":"Alarm -reset -DLM"}
{"time":"2024-02-01T15:48","doName":"Attachment DO","dotype":"Attachments Display","logtype":"drag and drop","content":"drop a ef on a mainDO","entity":"PLC-labelling machine","ef":"Alarm -reset -DLM"}
{"time":"2024-02-01T15:48","doName":"Attachment DO","dotype":"Attachments Display","logtype":"drag and drop","content":"drop a ef on a mainDO","entity":"PLC-labelling machine","ef":"Actual Gap-DLM"}
{"time":"2024-02-01T15:48","doName":"Attachment DO","dotype":"Attachments Display","logtype":"drag and drop","content":"drop a ef on a mainDO","entity":"PLC-labelling machine","ef":"Actual Gap-DLM"}
{"time":"2024-02-01T15:48","doName":"Attachment DO","dotype":"Attachments Display","logtype":"drag and drop","content":"drop a ef on a mainDO","entity":"PLC-labelling machine","ef":"Actual Bottle Diameter-DLMk"}
{"time":"2024-02-01T15:49","doName":"Attachment DO","dotype":"Attachments Display","logtype":"drag and drop","content":"drop a ef on a mainDO","entity":"PLC-labelling machine","ef":"Actual Bottle Diameter-DLMk"}
{"time":"2024-02-01T15:49","doName":"Attachment DO","dotype":"Attachments Display","logtype":"main","content":"open the DO edit modal","entity":"PLC-labelling machine","visibleColumns":[],"tableName":""}
{"time":"2024-02-01T15:49","doName":"Attachment DO","dotype":"Attachments Display","logtype":"drag and drop","content":"drop a ef on a mainDO","entity":"PLC-labelling machine","ef":"Actual Bottle Diameter-DLMk"}
{"time":"2024-02-01T15:49","doName":"Attachment DO","dotype":"Attachments Display","logtype":"drag and drop","content":"drop a ef on a mainDO","entity":"PLC-labelling machine","ef":"Actual Bottle Diameter-DLMk"}
{"time":"2024-02-01T15:51","doName":"Attachment DO","dotype":"Attachments Display","logtype":"drag and drop","content":"drop a ef on a mainDO","entity":"PLC-labelling machine","ef":"Actual Bottle Diameter-DLMk"}
{"time":"2024-02-01T15:51","doName":"Attachment DO","dotype":"Attachments Display","logtype":"drag and drop","content":"drop a ef on a mainDO","entity":"PLC-labelling machine","ef":"Actual Bottle Diameter-DLMk"}
{"time":"2024-02-01T15:51","doName":"Attachment DO","dotype":"Attachments Display","logtype":"drag and drop","content":"drop a ef on a mainDO","entity":"PLC-labelling machine","ef":"Actual Bottle Diameter-DLMk"}
{"time":"2024-02-01T15:51","doName":"Attachment DO","dotype":"Attachments Display","logtype":"drag and drop","content":"drop a ef on a mainDO","entity":"PLC-labelling machine","ef":"Actual Bottle Diameter-DLMk"}
{"time":"2024-02-01T15:52","doName":"Attachment DO","dotype":"Attachments Display","logtype":"drag and drop","content":"drop a ef on a mainDO","entity":"PLC-labelling machine","ef":"Actual Bottle Diameter-DLMk"}
{"time":"2024-02-01T15:52","doName":"Attachment DO","dotype":"Attachments Display","logtype":"drag and drop","content":"drop a ef on a mainDO","entity":"PLC-labelling machine","ef":"Actual Bottle Diameter-DLMk"}
{"time":"2024-02-01T15:52","doName":"Attachment DO","dotype":"Attachments Display","logtype":"drag and drop","content":"drop a ef on a mainDO","entity":"PLC-labelling machine","ef":"Actual Bottle Diameter-DLMk"}
{"time":"2024-02-01T15:52","doName":"Attachment DO","dotype":"Attachments Display","logtype":"drag and drop","content":"drop a ef on a mainDO","entity":"PLC-labelling machine","ef":"Actual Bottle Diameter-DLMk"}
{"time":"2024-02-01T15:52","doName":"Attachment DO","dotype":"Attachments Display","logtype":"drag and drop","content":"drop a ef on a mainDO","entity":"PLC-labelling machine","ef":"Actual gap length-DLM"}
{"time":"2024-02-01T15:52","doName":"Attachment DO","dotype":"Attachments Display","logtype":"drag and drop","content":"drop a ef on a mainDO","entity":"PLC-labelling machine","ef":"Actual Gap-DLM"}
{"time":"2024-02-01T15:53","doName":"Attachment DO","dotype":"Attachments Display","logtype":"main","content":"open the DO edit modal","entity":"PLC-labelling machine","visibleColumns":[],"tableName":""}
{"time":"2024-02-01T15:53","doName":"Attachment DO","dotype":"Attachments Display","logtype":"drag and drop","content":"drop a ef on a mainDO","entity":"PLC-labelling machine","ef":"Actual gap length-DLM"}
{"time":"2024-02-01T15:53","doName":"Attachment DO","dotype":"Attachments Display","logtype":"drag and drop","content":"drop a ef on a mainDO","entity":"PLC-labelling machine","ef":"Actual Bottle Diameter-DLMk"}
{"time":"2024-02-01T15:53","doName":"Attachment DO","dotype":"Attachments Display","logtype":"drag and drop","content":"drop a ef on a mainDO","entity":"PLC-labelling machine","ef":"Actual Gap-DLM"}
{"time":"2024-02-01T15:54","doName":"Attachment DO","dotype":"Attachments Display","logtype":"drag and drop","content":"drop a ef on a mainDO","entity":"PLC-labelling machine","ef":"assfdsf"}
{"time":"2024-02-01T15:54","doName":"piegrpah123","dotype":"Pie Chart Display","logtype":"main","content":"open the DO edit modal","entity":"PLC-labelling machine","visibleColumns":[],"tableName":""}
{"time":"2024-02-01T15:55","doName":"piegrpah123","dotype":"Pie Chart Display","logtype":"drag and drop","content":"drop a ef on a mainDO","entity":"PLC-labelling machine","ef":"Good Vials Counter-DLM"}
{"time":"2024-02-01T15:55","doName":"piegrpah123","dotype":"Pie Chart Display","logtype":"drag and drop","content":"drop a ef on a mainDO","entity":"PLC-labelling machine","ef":"Missing Label Counter-DLM"}
{"time":"2024-02-01T15:55","doName":"piegrpah123","dotype":"Pie Chart Display","logtype":"drag and drop","content":"drop a ef on a mainDO","entity":"PLC-labelling machine","ef":"Missing Label Sensor"}
{"time":"2024-02-01T15:55","doName":"piegrpah123","dotype":"Pie Chart Display","logtype":"drag and drop","content":"drop a ef on a mainDO","entity":"PLC-labelling machine","ef":"Missing Label Sensor"}
{"time":"2024-02-01T15:55","doName":"piegrpah123","dotype":"Pie Chart Display","logtype":"drag and drop","content":"drop a ef on a mainDO","entity":"PLC-labelling machine","ef":"Missing Label Counter-DLM"}
{"time":"2024-02-01T15:56","doName":"piegrpah123","dotype":"Pie Chart Display","logtype":"drag and drop","content":"drop a ef on a mainDO","entity":"PLC-labelling machine","ef":"Reject Vial Counter-DLM"}
{"time":"2024-02-01T15:56","doName":"listdisplay","dotype":"List Display","logtype":"main","content":"open the DO edit modal","entity":"Cap entity","visibleColumns":[],"tableName":"Cap"}
{"time":"2024-02-01T15:56","doName":"listdisplay","dotype":"List Display","logtype":"drag and drop","content":"drop a ef on a mainDO","entity":"Cap entity","ef":"CapTypeId"}
{"time":"2024-02-01T15:56","doName":"AttachmentType","dotype":"Attachments Display","logtype":"main","content":"open the DO edit modal","entity":"Cap entity","visibleColumns":[],"tableName":"Cap"}
{"time":"2024-02-01T15:57","doName":"AttachmentType","dotype":"Attachments Display","logtype":"drag and drop","content":"drop a ef on a mainDO","entity":"Cap entity","ef":"CapDiameter"}
{"time":"2024-02-01T15:57","doName":"AttachmentType","dotype":"Attachments Display","logtype":"drag and drop","content":"drop a ef on a mainDO","entity":"Cap entity","ef":"CapTypeId"}
{"time":"2024-02-01T15:57","doName":"AttachmentType","dotype":"Attachments Display","logtype":"drag and drop","content":"drop a ef on a mainDO","entity":"Cap entity","ef":"CapName"}
{"time":"2024-02-01T15:57","doName":"Attachment DO","dotype":"Attachments Display","logtype":"main","content":"open the DO edit modal","entity":"PLC-labelling machine","visibleColumns":[],"tableName":""}
{"time":"2024-02-01T15:57","doName":"Attachment DO","dotype":"Attachments Display","logtype":"drag and drop","content":"drop a ef on a mainDO","entity":"PLC-labelling machine","ef":"Actual Bottle Diameter-DLMk"}
{"time":"2024-02-01T15:58","doName":"Attachment DO","dotype":"Attachments Display","logtype":"drag and drop","content":"drop a ef on a mainDO","entity":"PLC-labelling machine","ef":"Actual gap length-DLM"}
{"time":"2024-02-01T15:58","doName":"Attachment DO","dotype":"Attachments Display","logtype":"drag and drop","content":"drop a ef on a mainDO","entity":"PLC-labelling machine","ef":"Actual Gap-DLM"}
{"time":"2024-02-01T15:58","doName":"Attachment DO","dotype":"Attachments Display","logtype":"drag and drop","content":"drop a ef on a mainDO","entity":"PLC-labelling machine","ef":"assfdsf"}
{"time":"2024-02-01T15:59","doName":"Attachment DO","dotype":"Attachments Display","logtype":"main","content":"open the DO edit modal","entity":"PLC-labelling machine","visibleColumns":[],"tableName":""}
{"time":"2024-02-01T15:59","doName":"Attachment DO","dotype":"Attachments Display","logtype":"drag and drop","content":"drop a ef on a mainDO","entity":"PLC-labelling machine","ef":"Actual Bottle Diameter-DLMk"}
{"time":"2024-02-01T15:59","doName":"Attachment DO","dotype":"Attachments Display","logtype":"drag and drop","content":"drop a ef on a mainDO","entity":"PLC-labelling machine","ef":"Actual gap length-DLM"}
{"time":"2024-02-01T15:59","doName":"Attachment DO","dotype":"Attachments Display","logtype":"drag and drop","content":"drop a ef on a mainDO","entity":"PLC-labelling machine","ef":"Actual gap length-DLM"}
{"time":"2024-02-01T16:00","doName":"Attachment DO","dotype":"Attachments Display","logtype":"drag and drop","content":"drop a ef on a mainDO","entity":"PLC-labelling machine","ef":"Actual Bottle Diameter-DLMk"}
{"time":"2024-02-01T16:00","doName":"Attachment DO","dotype":"Attachments Display","logtype":"drag and drop","content":"drop a ef on a mainDO","entity":"PLC-labelling machine","ef":"Actual Bottle Diameter-DLMk"}
{"time":"2024-02-01T16:00","doName":"Attachment DO","dotype":"Attachments Display","logtype":"drag and drop","content":"drop a ef on a mainDO","entity":"PLC-labelling machine","ef":"Actual Bottle Diameter-DLMk"}
{"time":"2024-02-01T16:00","doName":"Attachment DO","dotype":"Attachments Display","logtype":"drag and drop","content":"drop a ef on a mainDO","entity":"PLC-labelling machine","ef":"Actual Bottle Diameter-DLMk"}
{"time":"2024-02-01T16:00","doName":"Attachment DO","dotype":"Attachments Display","logtype":"drag and drop","content":"drop a ef on a mainDO","entity":"PLC-labelling machine","ef":"Actual Bottle Diameter-DLMk"}
{"time":"2024-02-02T05:33","doName":"Attachment DO","dotype":"Attachments Display","logtype":"main","content":"open the DO edit modal","entity":"PLC-labelling machine","visibleColumns":[],"tableName":""}
{"time":"2024-02-02T05:33","doName":"Attachment DO","dotype":"Attachments Display","logtype":"drag and drop","content":"drop a ef on a mainDO","entity":"PLC-labelling machine","ef":"Actual Bottle Diameter-DLMk"}
{"time":"2024-02-02T05:33","doName":"Attachment DO","dotype":"Attachments Display","logtype":"drag and drop","content":"drop a ef on a mainDO","entity":"PLC-labelling machine","ef":"Actual gap length-DLM"}
{"time":"2024-02-02T05:36","doName":"Attachment DO","dotype":"Attachments Display","logtype":"main","content":"open the DO edit modal","entity":"PLC-labelling machine","visibleColumns":[],"tableName":""}
{"time":"2024-02-02T05:36","doName":"Attachment DO","dotype":"Attachments Display","logtype":"drag and drop","content":"drop a ef on a mainDO","entity":"PLC-labelling machine","ef":"A-Scale Reco7rd8dsf"}
{"time":"2024-02-02T05:36","doName":"Attachment DO","dotype":"Attachments Display","logtype":"drag and drop","content":"drop a ef on a mainDO","entity":"PLC-labelling machine","ef":"aa44"}
{"time":"2024-02-02T05:36","doName":"Attachment DO","dotype":"Attachments Display","logtype":"drag and drop","content":"drop a ef on a mainDO","entity":"PLC-labelling machine","ef":"Actual Bottle Diameter-DLMk"}
{"time":"2024-02-02T05:36","doName":"Attachment DO","dotype":"Attachments Display","logtype":"drag and drop","content":"drop a ef on a mainDO","entity":"PLC-labelling machine","ef":"Actual Bottle Diameter-DLMk"}
{"time":"2024-02-02T05:37","doName":"Attachment DO","dotype":"Attachments Display","logtype":"drag and drop","content":"drop a ef on a mainDO","entity":"PLC-labelling machine","ef":"aa44"}
{"time":"2024-02-02T05:37","doName":"Attachment DO","dotype":"Attachments Display","logtype":"drag and drop","content":"drop a ef on a mainDO","entity":"PLC-labelling machine","ef":"Actual Bottle Diameter-DLMk"}
{"time":"2024-02-02T05:37","doName":"Attachment DO","dotype":"Attachments Display","logtype":"drag and drop","content":"drop a ef on a mainDO","entity":"PLC-labelling machine","ef":"Actual gap length-DLM"}
{"time":"2024-02-02T05:37","doName":"Attachment DO","dotype":"Attachments Display","logtype":"drag and drop","content":"drop a ef on a mainDO","entity":"PLC-labelling machine","ef":"Actual Gap-DLM"}
{"time":"2024-02-02T05:37","doName":"Attachment DO","dotype":"Attachments Display","logtype":"main","content":"open the DO edit modal","entity":"PLC-labelling machine","visibleColumns":[],"tableName":""}
{"time":"2024-02-02T05:37","doName":"Attachment DO","dotype":"Attachments Display","logtype":"drag and drop","content":"drop a ef on a mainDO","entity":"PLC-labelling machine","ef":"Actual Bottle Diameter-DLMk"}
{"time":"2024-02-02T05:37","doName":"Attachment DO","dotype":"Attachments Display","logtype":"drag and drop","content":"drop a ef on a mainDO","entity":"PLC-labelling machine","ef":"Actual gap length-DLM"}
{"time":"2024-02-02T05:37","doName":"Attachment DO","dotype":"Attachments Display","logtype":"drag and drop","content":"drop a ef on a mainDO","entity":"PLC-labelling machine","ef":"Actual label Length-DLM"}
{"time":"2024-02-02T05:37","doName":"Attachment DO","dotype":"Attachments Display","logtype":"drag and drop","content":"drop a ef on a mainDO","entity":"PLC-labelling machine","ef":"Alarm -reset -DLM"}
{"time":"2024-02-02T05:37","doName":"Attachment DO","dotype":"Attachments Display","logtype":"drag and drop","content":"drop a ef on a mainDO","entity":"PLC-labelling machine","ef":"A-Scale Reco7rd8dsf"}
{"time":"2024-02-02T05:37","doName":"Attachment DO","dotype":"Attachments Display","logtype":"drag and drop","content":"drop a ef on a mainDO","entity":"PLC-labelling machine","ef":"Backlog Time Alarm - Stop Mode"}
{"time":"2024-02-02T05:39","doName":"Attachment DO","dotype":"Attachments Display","logtype":"main","content":"open the DO edit modal","entity":"PLC-labelling machine","visibleColumns":[],"tableName":""}
{"time":"2024-02-02T05:41","doName":"Attachment DO","dotype":"Attachments Display","logtype":"main","content":"open the DO edit modal","entity":"PLC-labelling machine","visibleColumns":[],"tableName":""}
{"time":"2024-02-02T05:41","doName":"Attachment DO","dotype":"Attachments Display","logtype":"drag and drop","content":"drop a ef on a mainDO","entity":"PLC-labelling machine","ef":"Actual Bottle Diameter-DLMk"}
{"time":"2024-02-02T05:41","doName":"Attachment DO","dotype":"Attachments Display","logtype":"drag and drop","content":"drop a ef on a mainDO","entity":"PLC-labelling machine","ef":"Actual gap length-DLM"}
{"time":"2024-02-02T05:41","doName":"Attachment DO","dotype":"Attachments Display","logtype":"drag and drop","content":"drop a ef on a mainDO","entity":"PLC-labelling machine","ef":"Actual Bottle Diameter-DLMk"}
{"time":"2024-02-02T05:41","doName":"Attachment DO","dotype":"Attachments Display","logtype":"drag and drop","content":"drop a ef on a mainDO","entity":"PLC-labelling machine","ef":"Actual Bottle Diameter-DLMk"}
{"time":"2024-02-02T05:41","doName":"Attachment DO","dotype":"Attachments Display","logtype":"drag and drop","content":"drop a ef on a mainDO","entity":"PLC-labelling machine","ef":"Actual Gap-DLM"}
{"time":"2024-02-02T05:43","doName":"Attachment DO","dotype":"Attachments Display","logtype":"main","content":"open the DO edit modal","entity":"PLC-labelling machine","visibleColumns":[],"tableName":""}
{"time":"2024-02-02T05:43","doName":"Attachment DO","dotype":"Attachments Display","logtype":"drag and drop","content":"drop a ef on a mainDO","entity":"PLC-labelling machine","ef":"Actual Bottle Diameter-DLMk"}
{"time":"2024-02-02T05:43","doName":"Attachment DO","dotype":"Attachments Display","logtype":"drag and drop","content":"drop a ef on a mainDO","entity":"PLC-labelling machine","ef":"Actual gap length-DLM"}
{"time":"2024-02-02T05:43","doName":"Attachment DO","dotype":"Attachments Display","logtype":"drag and drop","content":"drop a ef on a mainDO","entity":"PLC-labelling machine","ef":"Actual label Length-DLM"}
{"time":"2024-02-02T05:43","doName":"Attachment DO","dotype":"Attachments Display","logtype":"drag and drop","content":"drop a ef on a mainDO","entity":"PLC-labelling machine","ef":"Actual Bottle Diameter-DLMk"}
{"time":"2024-02-02T05:43","doName":"Attachment DO","dotype":"Attachments Display","logtype":"drag and drop","content":"drop a ef on a mainDO","entity":"PLC-labelling machine","ef":"Actual Bottle Diameter-DLMk"}
{"time":"2024-02-02T05:43","doName":"Attachment DO","dotype":"Attachments Display","logtype":"drag and drop","content":"drop a ef on a mainDO","entity":"PLC-labelling machine","ef":"Alarm -reset -DLM"}
{"time":"2024-02-02T05:43","doName":"Attachment DO","dotype":"Attachments Display","logtype":"drag and drop","content":"drop a ef on a mainDO","entity":"PLC-labelling machine","ef":"Actual Bottle Diameter-DLMk"}
{"time":"2024-02-02T05:43","doName":"Attachment DO","dotype":"Attachments Display","logtype":"drag and drop","content":"drop a ef on a mainDO","entity":"PLC-labelling machine","ef":"Actual Bottle Diameter-DLMk"}
{"time":"2024-02-02T05:44","doName":"Attachment DO","dotype":"Attachments Display","logtype":"drag and drop","content":"drop a ef on a mainDO","entity":"PLC-labelling machine","ef":"assfdsf"}
{"time":"2024-02-02T06:16","doName":"Attachment DO","dotype":"Attachments Display","logtype":"main","content":"open the DO edit modal","entity":"PLC-labelling machine","visibleColumns":[],"tableName":""}
{"time":"2024-02-02T06:16","doName":"Attachment DO","dotype":"Attachments Display","logtype":"drag and drop","content":"drop a ef on a mainDO","entity":"PLC-labelling machine","ef":"Actual Bottle Diameter-DLMk"}
{"time":"2024-02-02T06:16","doName":"Attachment DO","dotype":"Attachments Display","logtype":"drag and drop","content":"drop a ef on a mainDO","entity":"PLC-labelling machine","ef":"Actual gap length-DLM"}
{"time":"2024-02-02T06:19","doName":"Attachment DO","dotype":"Attachments Display","logtype":"main","content":"open the DO edit modal","entity":"PLC-labelling machine","visibleColumns":[],"tableName":""}
{"time":"2024-02-02T06:19","doName":"Attachment DO","dotype":"Attachments Display","logtype":"drag and drop","content":"drop a ef on a mainDO","entity":"PLC-labelling machine","ef":"Actual Bottle Diameter-DLMk"}
{"time":"2024-02-02T06:20","doName":"Attachment DO","dotype":"Attachments Display","logtype":"main","content":"open the DO edit modal","entity":"PLC-labelling machine","visibleColumns":[],"tableName":""}
{"time":"2024-02-02T06:20","doName":"Attachment DO","dotype":"Attachments Display","logtype":"drag and drop","content":"drop a ef on a mainDO","entity":"PLC-labelling machine","ef":"Actual Bottle Diameter-DLMk"}
{"time":"2024-02-02T06:20","doName":"Attachment DO","dotype":"Attachments Display","logtype":"main","content":"open the DO edit modal","entity":"PLC-labelling machine","visibleColumns":[],"tableName":""}
{"time":"2024-02-02T06:20","doName":"Attachment DO","dotype":"Attachments Display","logtype":"drag and drop","content":"drop a ef on a mainDO","entity":"PLC-labelling machine","ef":"Actual Bottle Diameter-DLMk"}
{"time":"2024-02-02T06:21","doName":"Attachment DO","dotype":"Attachments Display","logtype":"main","content":"open the DO edit modal","entity":"PLC-labelling machine","visibleColumns":[],"tableName":""}
{"time":"2024-02-02T06:21","doName":"Attachment DO","dotype":"Attachments Display","logtype":"drag and drop","content":"drop a ef on a mainDO","entity":"PLC-labelling machine","ef":"Actual Bottle Diameter-DLMk"}
{"time":"2024-02-02T06:23","doName":"Attachment DO","dotype":"Attachments Display","logtype":"main","content":"open the DO edit modal","entity":"PLC-labelling machine","visibleColumns":[],"tableName":""}
{"time":"2024-02-02T06:23","doName":"Attachment DO","dotype":"Attachments Display","logtype":"drag and drop","content":"drop a ef on a mainDO","entity":"PLC-labelling machine","ef":"Actual Bottle Diameter-DLMk"}
{"time":"2024-02-02T06:23","doName":"Attachment DO","dotype":"Attachments Display","logtype":"drag and drop","content":"drop a ef on a mainDO","entity":"PLC-labelling machine","ef":"Actual gap length-DLM"}
{"time":"2024-02-02T06:48","doName":"Attachment DO","dotype":"Attachments Display","logtype":"main","content":"open the DO edit modal","entity":"PLC-labelling machine","visibleColumns":[],"tableName":""}
{"time":"2024-02-02T06:48","doName":"Attachment DO","dotype":"Attachments Display","logtype":"drag and drop","content":"drop a ef on a mainDO","entity":"PLC-labelling machine","ef":"Actual Bottle Diameter-DLMk"}
{"time":"2024-02-02T06:49","doName":"Attachment DO","dotype":"Attachments Display","logtype":"drag and drop","content":"drop a ef on a mainDO","entity":"PLC-labelling machine","ef":"Actual gap length-DLM"}
{"time":"2024-02-02T06:49","doName":"Attachment DO","dotype":"Attachments Display","logtype":"main","content":"open the DO edit modal","entity":"PLC-labelling machine","visibleColumns":[],"tableName":""}
{"time":"2024-02-02T06:49","doName":"Attachment DO","dotype":"Attachments Display","logtype":"drag and drop","content":"drop a ef on a mainDO","entity":"PLC-labelling machine","ef":"Actual Bottle Diameter-DLMk"}
{"time":"2024-02-02T06:50","doName":"Attachment DO","dotype":"Attachments Display","logtype":"drag and drop","content":"drop a ef on a mainDO","entity":"PLC-labelling machine","ef":"Actual gap length-DLM"}
{"time":"2024-02-02T07:00","doName":"Attachment DO","dotype":"Attachments Display","logtype":"main","content":"open the DO edit modal","entity":"PLC-labelling machine","visibleColumns":[],"tableName":""}
{"time":"2024-02-02T07:00","doName":"Attachment DO","dotype":"Attachments Display","logtype":"drag and drop","content":"drop a ef on a mainDO","entity":"PLC-labelling machine","ef":"Actual Bottle Diameter-DLMk"}
{"time":"2024-02-02T07:00","doName":"Attachment DO","dotype":"Attachments Display","logtype":"drag and drop","content":"drop a ef on a mainDO","entity":"PLC-labelling machine","ef":"Actual gap length-DLM"}
{"time":"2024-02-02T07:00","doName":"Attachment DO","dotype":"Attachments Display","logtype":"drag and drop","content":"drop a ef on a mainDO","entity":"PLC-labelling machine","ef":"Actual label Length-DLM"}
{"time":"2024-02-02T07:00","doName":"Attachment DO","dotype":"Attachments Display","logtype":"drag and drop","content":"drop a ef on a mainDO","entity":"PLC-labelling machine","ef":"A-Scale Reco7rd8dsf"}
{"time":"2024-02-02T07:01","doName":"Attachment DO","dotype":"Attachments Display","logtype":"main","content":"open the DO edit modal","entity":"PLC-labelling machine","visibleColumns":[],"tableName":""}
{"time":"2024-02-02T07:01","doName":"Attachment DO","dotype":"Attachments Display","logtype":"drag and drop","content":"drop a ef on a mainDO","entity":"PLC-labelling machine","ef":"Actual Bottle Diameter-DLMk"}
{"time":"2024-02-02T07:02","doName":"Attachment DO","dotype":"Attachments Display","logtype":"main","content":"open the DO edit modal","entity":"PLC-labelling machine","visibleColumns":[],"tableName":""}
{"time":"2024-02-02T07:02","doName":"Attachment DO","dotype":"Attachments Display","logtype":"drag and drop","content":"drop a ef on a mainDO","entity":"PLC-labelling machine","ef":"Actual gap length-DLM"}
{"time":"2024-02-02T07:19","doName":"Attachment DO","dotype":"Attachments Display","logtype":"main","content":"open the DO edit modal","entity":"PLC-labelling machine","visibleColumns":[],"tableName":""}
{"time":"2024-02-02T07:19","doName":"Attachment DO","dotype":"Attachments Display","logtype":"drag and drop","content":"drop a ef on a mainDO","entity":"PLC-labelling machine","ef":"Actual Bottle Diameter-DLMk"}
{"time":"2024-02-02T07:19","doName":"Attachment DO","dotype":"Attachments Display","logtype":"drag and drop","content":"drop a ef on a mainDO","entity":"PLC-labelling machine","ef":"Actual gap length-DLM"}
{"time":"2024-02-02T07:19","doName":"Attachment DO","dotype":"Attachments Display","logtype":"drag and drop","content":"drop a ef on a mainDO","entity":"PLC-labelling machine","ef":"Actual label Length-DLM"}
{"time":"2024-02-02T07:23","doName":"Attachment DO","dotype":"Attachments Display","logtype":"main","content":"open the DO edit modal","entity":"PLC-labelling machine","visibleColumns":[],"tableName":""}
{"time":"2024-02-02T07:23","doName":"Attachment DO","dotype":"Attachments Display","logtype":"drag and drop","content":"drop a ef on a mainDO","entity":"PLC-labelling machine","ef":"Actual Bottle Diameter-DLMk"}
{"time":"2024-02-02T07:23","doName":"Attachment DO","dotype":"Attachments Display","logtype":"drag and drop","content":"drop a ef on a mainDO","entity":"PLC-labelling machine","ef":"Actual Gap-DLM"}
{"time":"2024-02-02T07:23","doName":"Attachment DO","dotype":"Attachments Display","logtype":"drag and drop","content":"drop a ef on a mainDO","entity":"PLC-labelling machine","ef":"assfdsf"}
{"time":"2024-02-02T07:24","doName":"Attachment DO","dotype":"Attachments Display","logtype":"main","content":"open the DO edit modal","entity":"PLC-labelling machine","visibleColumns":[],"tableName":""}
{"time":"2024-02-02T07:24","doName":"Attachment DO","dotype":"Attachments Display","logtype":"drag and drop","content":"drop a ef on a mainDO","entity":"PLC-labelling machine","ef":"Actual gap length-DLM"}
{"time":"2024-02-02T07:24","doName":"Attachment DO","dotype":"Attachments Display","logtype":"drag and drop","content":"drop a ef on a mainDO","entity":"PLC-labelling machine","ef":"Actual Gap-DLM"}
{"time":"2024-02-02T07:24","doName":"Attachment DO","dotype":"Attachments Display","logtype":"drag and drop","content":"drop a ef on a mainDO","entity":"PLC-labelling machine","ef":"Alarm -reset -DLM"}
{"time":"2024-02-02T07:25","doName":"Attachment DO","dotype":"Attachments Display","logtype":"drag and drop","content":"drop a ef on a mainDO","entity":"PLC-labelling machine","ef":"Alarm -reset -DLM"}
{"time":"2024-02-02T07:25","doName":"Attachment DO","dotype":"Attachments Display","logtype":"drag and drop","content":"drop a ef on a mainDO","entity":"PLC-labelling machine","ef":"assfdsf"}
{"time":"2024-02-02T07:25","doName":"Attachment DO","dotype":"Attachments Display","logtype":"drag and drop","content":"drop a ef on a mainDO","entity":"PLC-labelling machine","ef":"Backlog Time Alarm - Stop Mode"}
{"time":"2024-02-02T07:25","doName":"Attachment DO","dotype":"Attachments Display","logtype":"drag and drop","content":"drop a ef on a mainDO","entity":"PLC-labelling machine","ef":"Actual Bottle Diameter-DLMk"}
{"time":"2024-02-02T07:26","doName":"Attachment DO","dotype":"Attachments Display","logtype":"drag and drop","content":"drop a ef on a mainDO","entity":"PLC-labelling machine","ef":"Actual gap length-DLM"}
{"time":"2024-02-02T07:26","doName":"Attachment DO","dotype":"Attachments Display","logtype":"drag and drop","content":"drop a ef on a mainDO","entity":"PLC-labelling machine","ef":"Actual gap length-DLM"}
{"time":"2024-02-02T07:29","doName":"Attachment DO","dotype":"Attachments Display","logtype":"main","content":"open the DO edit modal","entity":"PLC-labelling machine","visibleColumns":[],"tableName":""}
{"time":"2024-02-02T07:29","doName":"Attachment DO","dotype":"Attachments Display","logtype":"drag and drop","content":"drop a ef on a mainDO","entity":"PLC-labelling machine","ef":"Actual Bottle Diameter-DLMk"}
{"time":"2024-02-02T07:29","doName":"Attachment DO","dotype":"Attachments Display","logtype":"drag and drop","content":"drop a ef on a mainDO","entity":"PLC-labelling machine","ef":"Actual gap length-DLM"}
{"time":"2024-02-02T07:29","doName":"Attachment DO","dotype":"Attachments Display","logtype":"drag and drop","content":"drop a ef on a mainDO","entity":"PLC-labelling machine","ef":"Actual Gap-DLM"}
{"time":"2024-02-02T07:29","doName":"Attachment DO","dotype":"Attachments Display","logtype":"drag and drop","content":"drop a ef on a mainDO","entity":"PLC-labelling machine","ef":"Actual label Length-DLM"}
{"time":"2024-02-02T07:29","doName":"Attachment DO","dotype":"Attachments Display","logtype":"drag and drop","content":"drop a ef on a mainDO","entity":"PLC-labelling machine","ef":"A-Scale Reco7rd8dsf"}
{"time":"2024-02-02T07:29","doName":"Attachment DO","dotype":"Attachments Display","logtype":"drag and drop","content":"drop a ef on a mainDO","entity":"PLC-labelling machine","ef":"assfdsf"}
{"time":"2024-02-02T07:29","doName":"Attachment DO","dotype":"Attachments Display","logtype":"drag and drop","content":"drop a ef on a mainDO","entity":"PLC-labelling machine","ef":"Auto Seperator On/Off"}
