{"time":"2024-02-05T07:16","doName":"Attachment DO","dotype":"Attachments Display","logtype":"main","content":"open the DO edit modal","entity":"PLC-labelling machine","visibleColumns":[],"tableName":""}
{"time":"2024-02-05T12:22","doName":"Bottle Container","dotype":"Container for third party (exe or webpage)","logtype":"main","content":"open the DO edit modal","entity":"Bottle Entity","visibleColumns":[],"tableName":"Bottle"}
{"time":"2024-02-05T12:22","doName":"Bottle Container","dotype":"Container for third party (exe or webpage)","logtype":"drag and drop","content":"drop a ef on a mainDO","entity":"Bottle Entity","ef":"BottleCC"}
{"time":"2024-02-05T12:22","doName":"Bottle Container","dotype":"Container for third party (exe or webpage)","logtype":"drag and drop","content":"drop a ef on a mainDO","entity":"Bottle Entity","ef":"BottleId"}
{"time":"2024-02-05T12:22","doName":"Bottle Container","dotype":"Container for third party (exe or webpage)","logtype":"drag and drop","content":"drop a ef on a mainDO","entity":"Bottle Entity","ef":"BottleName"}
{"time":"2024-02-05T12:24","doName":"Bottle Container","dotype":"Container for third party (exe or webpage)","logtype":"drag and drop","content":"drop a ef on a mainDO","entity":"Bottle Entity","ef":"BottleName"}
{"time":"2024-02-05T12:24","doName":"Bottle Container","dotype":"Container for third party (exe or webpage)","logtype":"drag and drop","content":"drop a ef on a mainDO","entity":"Bottle Entity","ef":"BottleCC"}
{"time":"2024-02-05T12:24","doName":"Bottle Container","dotype":"Container for third party (exe or webpage)","logtype":"drag and drop","content":"drop a ef on a mainDO","entity":"Bottle Entity","ef":"BottleId"}
{"time":"2024-02-05T12:25","doName":"Bottle Container","dotype":"Container for third party (exe or webpage)","logtype":"main","content":"open the DO edit modal","entity":"Bottle Entity","visibleColumns":[],"tableName":"Bottle"}
{"time":"2024-02-05T12:25","doName":"Bottle Container","dotype":"Container for third party (exe or webpage)","logtype":"drag and drop","content":"drop a ef on a mainDO","entity":"Bottle Entity","ef":"BottleCC"}
{"time":"2024-02-05T12:25","doName":"Bottle Container","dotype":"Container for third party (exe or webpage)","logtype":"drag and drop","content":"drop a ef on a mainDO","entity":"Bottle Entity","ef":"BottleId"}
{"time":"2024-02-05T12:30","doName":"Bottle Container","dotype":"Container for third party (exe or webpage)","logtype":"main","content":"open the DO edit modal","entity":"Bottle Entity","visibleColumns":[],"tableName":"Bottle"}
{"time":"2024-02-05T12:30","doName":"Bottle Container","dotype":"Container for third party (exe or webpage)","logtype":"drag and drop","content":"drop a ef on a mainDO","entity":"Bottle Entity","ef":"BottleCC"}
{"time":"2024-02-05T12:31","doName":"Bottle Container","dotype":"Container for third party (exe or webpage)","logtype":"main","content":"open the DO edit modal","entity":"Bottle Entity","visibleColumns":[],"tableName":"Bottle"}
{"time":"2024-02-05T12:31","doName":"Bottle Container","dotype":"Container for third party (exe or webpage)","logtype":"drag and drop","content":"drop a ef on a mainDO","entity":"Bottle Entity","ef":"BottleCC"}
{"time":"2024-02-05T12:34","doName":"Bottle Container","dotype":"Container for third party (exe or webpage)","logtype":"main","content":"open the DO edit modal","entity":"Bottle Entity","visibleColumns":[],"tableName":"Bottle"}
{"time":"2024-02-05T12:34","doName":"Bottle Container","dotype":"Container for third party (exe or webpage)","logtype":"drag and drop","content":"drop a ef on a mainDO","entity":"Bottle Entity","ef":"BottleCC"}
{"time":"2024-02-05T12:35","doName":"Bottle Container","dotype":"Container for third party (exe or webpage)","logtype":"main","content":"open the DO edit modal","entity":"Bottle Entity","visibleColumns":[],"tableName":"Bottle"}
{"time":"2024-02-05T12:35","doName":"Bottle Container","dotype":"Container for third party (exe or webpage)","logtype":"drag and drop","content":"drop a ef on a mainDO","entity":"Bottle Entity","ef":"BottleCC"}
{"time":"2024-02-05T12:37","doName":"Bottle Container","dotype":"Container for third party (exe or webpage)","logtype":"main","content":"open the DO edit modal","entity":"Bottle Entity","visibleColumns":[],"tableName":"Bottle"}
{"time":"2024-02-05T12:37","doName":"Bottle Container","dotype":"Container for third party (exe or webpage)","logtype":"drag and drop","content":"drop a ef on a mainDO","entity":"Bottle Entity","ef":"BottleCC"}
{"time":"2024-02-05T12:39","doName":"Bottle Container","dotype":"Container for third party (exe or webpage)","logtype":"main","content":"open the DO edit modal","entity":"Bottle Entity","visibleColumns":[],"tableName":"Bottle"}
{"time":"2024-02-05T12:39","doName":"Bottle Container","dotype":"Container for third party (exe or webpage)","logtype":"drag and drop","content":"drop a ef on a mainDO","entity":"Bottle Entity","ef":"BottleCC"}
